2023-10-28 10:20:10,592 [INFO] Activator:176 - 


2023-10-28 10:20:10,595 [INFO] Activator:177 - !SESSION log4j initialized
2023-10-28 10:20:12,464 [INFO] ApplicationProperties:184 - Using Application install path: /opt/st/stm32cubeide_1.13.1/plugins/com.st.stm32cube.common.mx_6.9.1.202307191849
2023-10-28 10:20:12,480 [INFO] DbMcusXml:78 - Set database path to: /opt/st/stm32cubeide_1.13.1/plugins/com.st.stm32cube.common.mx_6.9.1.202307191849//db//mcu/
2023-10-28 10:20:12,481 [INFO] ApiDb:274 - Set plugin database path to: /opt/st/stm32cubeide_1.13.1/plugins/com.st.stm32cube.common.mx_6.9.1.202307191849//db//plugins/boardmanager/
2023-10-28 10:20:12,481 [WARN] ApiDb:259 - Overriding images path with different value:  => /opt/st/stm32cubeide_1.13.1/plugins/com.st.stm32cube.common.mx_6.9.1.202307191849//db//plugins/mcufinder/images/
2023-10-28 10:20:12,492 [INFO] ApiDb:250 - Set database path to: /home/emirhan/.stmcufinder/plugins/mcufinder//mcu/
2023-10-28 10:20:12,493 [INFO] DbMcusAds:125 - Set database path to: /home/emirhan/.stmcufinder/plugins/mcufinder//mcu/
2023-10-28 10:20:13,254 [INFO] CrossReferenceDbSqlite:203 - Set database path to: /home/emirhan/.stmcufinder/plugins/mcufinder//mcu/cs/
2023-10-28 10:20:13,384 [INFO] RulesReader:64 - Compatibility file has been processed (293 Rules)
2023-10-28 10:20:13,457 [INFO] DbMcusXml:78 - Set database path to: /opt/st/stm32cubeide_1.13.1/plugins/com.st.stm32cube.common.mx_6.9.1.202307191849//db//mcu/
2023-10-28 10:20:13,457 [INFO] ApiDb:274 - Set plugin database path to: /opt/st/stm32cubeide_1.13.1/plugins/com.st.stm32cube.common.mx_6.9.1.202307191849//db//plugins/boardmanager/
2023-10-28 10:20:13,457 [INFO] ApiDb:261 - Set plugin images path to: /opt/st/stm32cubeide_1.13.1/plugins/com.st.stm32cube.common.mx_6.9.1.202307191849//db//plugins/mcufinder/images/
2023-10-28 10:20:13,457 [WARN] DbFile:41 - Overriding database path with different value: /home/emirhan/.stmcufinder/plugins/mcufinder/ => /home/emirhan/.stmcufinder/plugins/mcufinder
2023-10-28 10:20:13,457 [INFO] ApiDb:250 - Set database path to: /home/emirhan/.stmcufinder/plugins/mcufinder//mcu/
2023-10-28 10:20:13,458 [WARN] DbFile:41 - Overriding database path with different value: /home/emirhan/.stmcufinder/plugins/mcufinder/ => /home/emirhan/.stmcufinder/plugins/mcufinder
2023-10-28 10:20:13,458 [INFO] DbMcusAds:125 - Set database path to: /home/emirhan/.stmcufinder/plugins/mcufinder//mcu/
2023-10-28 10:20:13,458 [WARN] DbFile:41 - Overriding database path with different value: /home/emirhan/.stmcufinder/plugins/mcufinder/ => /home/emirhan/.stmcufinder/plugins/mcufinder
2023-10-28 10:20:13,458 [WARN] DbFile:41 - Overriding database path with different value: /home/emirhan/.stmcufinder/plugins/mcufinder/ => /home/emirhan/.stmcufinder/plugins/mcufinder
2023-10-28 10:20:13,458 [INFO] CrossReferenceDbSqlite:203 - Set database path to: /home/emirhan/.stmcufinder/plugins/mcufinder//mcu/cs/
2023-10-28 10:20:13,527 [INFO] MainPanel:262 - HeapMemory: 268435456
2023-10-28 10:20:13,613 [INFO] DbMcusXml:78 - Set database path to: /opt/st/stm32cubeide_1.13.1/plugins/com.st.stm32cube.common.mx_6.9.1.202307191849//db//mcu/
2023-10-28 10:20:13,613 [INFO] ApiDb:274 - Set plugin database path to: /opt/st/stm32cubeide_1.13.1/plugins/com.st.stm32cube.common.mx_6.9.1.202307191849//db//plugins/boardmanager/
2023-10-28 10:20:13,614 [INFO] ApiDb:261 - Set plugin images path to: /opt/st/stm32cubeide_1.13.1/plugins/com.st.stm32cube.common.mx_6.9.1.202307191849//db//plugins/mcufinder/images/
2023-10-28 10:20:13,614 [WARN] DbFile:41 - Overriding database path with different value: /home/emirhan/.stmcufinder/plugins/mcufinder/ => /home/emirhan/.stmcufinder/plugins/mcufinder
2023-10-28 10:20:13,614 [INFO] ApiDb:250 - Set database path to: /home/emirhan/.stmcufinder/plugins/mcufinder//mcu/
2023-10-28 10:20:13,614 [WARN] DbFile:41 - Overriding database path with different value: /home/emirhan/.stmcufinder/plugins/mcufinder/ => /home/emirhan/.stmcufinder/plugins/mcufinder
2023-10-28 10:20:13,614 [INFO] DbMcusAds:125 - Set database path to: /home/emirhan/.stmcufinder/plugins/mcufinder//mcu/
2023-10-28 10:20:13,614 [WARN] DbFile:41 - Overriding database path with different value: /home/emirhan/.stmcufinder/plugins/mcufinder/ => /home/emirhan/.stmcufinder/plugins/mcufinder
2023-10-28 10:20:13,614 [WARN] DbFile:41 - Overriding database path with different value: /home/emirhan/.stmcufinder/plugins/mcufinder/ => /home/emirhan/.stmcufinder/plugins/mcufinder
2023-10-28 10:20:13,615 [INFO] CrossReferenceDbSqlite:203 - Set database path to: /home/emirhan/.stmcufinder/plugins/mcufinder//mcu/cs/
2023-10-28 10:20:13,629 [INFO] ApplicationProperties:184 - Using Application install path: /opt/st/stm32cubeide_1.13.1/plugins/com.st.stm32cube.common.mx_6.9.1.202307191849
2023-10-28 10:20:13,630 [INFO] PluginManage:196 - Search for loadable plugins [exclusion list=, ]
2023-10-28 10:20:13,631 [INFO] PluginManage:310 - Check plugin analytics
2023-10-28 10:20:13,884 [INFO] AnalyticsPlugin:253 - Accepted Software Licenses: 
2023-10-28 10:20:13,884 [INFO] AnalyticsPlugin:255 - Accepted CMSIS Pack Licenses: 
2023-10-28 10:20:13,884 [INFO] AnalyticsPlugin:257 - Accepted Firmware Licenses: FW.F4.1.27.0
2023-10-28 10:20:13,888 [INFO] PluginManage:359 - Loaded plugin analytics (category:tool,tabindex:-1)
2023-10-28 10:20:13,889 [INFO] PluginManage:310 - Check plugin cadmodel
2023-10-28 10:20:13,994 [INFO] CADModel:105 - Init CAD model plugin
2023-10-28 10:20:13,994 [INFO] PluginManage:359 - Loaded plugin cadmodel (category:power,tabindex:5)
2023-10-28 10:20:13,994 [INFO] PluginManage:310 - Check plugin clock
2023-10-28 10:20:14,005 [INFO] PluginManage:359 - Loaded plugin clock (category:base,tabindex:2)
2023-10-28 10:20:14,006 [INFO] PluginManage:310 - Check plugin ddr
2023-10-28 10:20:14,008 [INFO] PluginManage:359 - Loaded plugin ddr (category:tool,tabindex:6)
2023-10-28 10:20:14,008 [INFO] PluginManage:310 - Check plugin filemanager
2023-10-28 10:20:14,133 [INFO] PluginManage:359 - Loaded plugin filemanager (category:base,tabindex:10)
2023-10-28 10:20:14,134 [INFO] PluginManage:310 - Check plugin ipmanager
2023-10-28 10:20:14,140 [INFO] PluginManage:359 - Loaded plugin ipmanager (category:base,tabindex:5)
2023-10-28 10:20:14,140 [INFO] PluginManage:310 - Check plugin lpbam
2023-10-28 10:20:14,150 [INFO] PluginManage:359 - Loaded plugin lpbam (category:base,tabindex:0)
2023-10-28 10:20:14,150 [INFO] PluginManage:310 - Check plugin memorymap
2023-10-28 10:20:14,162 [INFO] PluginManage:359 - Loaded plugin memorymap (category:base,tabindex:4)
2023-10-28 10:20:14,162 [INFO] PluginManage:310 - Check plugin pinoutandconfiguration
2023-10-28 10:20:14,169 [INFO] PluginManage:359 - Loaded plugin pinoutandconfiguration (category:base,tabindex:1)
2023-10-28 10:20:14,170 [INFO] PluginManage:310 - Check plugin pinoutconfig
2023-10-28 10:20:14,243 [WARN] SupportedApi:132 - Cannot load RTOS API schema: s4s-elt-must-match.1: The content of 'definitions' must match (annotation?, (simpleType | complexType)?, (unique | key | keyref)*)). A problem was found starting at: attribute.
2023-10-28 10:20:14,353 [INFO] PluginManage:359 - Loaded plugin pinoutconfig (category:base,tabindex:0)
2023-10-28 10:20:14,353 [INFO] PluginManage:310 - Check plugin power
2023-10-28 10:20:14,364 [INFO] PluginManage:359 - Loaded plugin power (category:power,tabindex:4)
2023-10-28 10:20:14,365 [INFO] PluginManage:310 - Check plugin projectmanager
2023-10-28 10:20:14,380 [INFO] PluginManage:359 - Loaded plugin projectmanager (category:projectmanager,tabindex:3)
2023-10-28 10:20:14,381 [INFO] PluginManage:310 - Check plugin thirdparty
2023-10-28 10:20:14,499 [INFO] PluginManage:359 - Loaded plugin thirdparty (category:base,tabindex:-1)
2023-10-28 10:20:14,499 [WARN] IntegrityCheckThread:84 - waiting for thirdparty lock release [integrity check]
2023-10-28 10:20:14,499 [INFO] IntegrityCheckThread:86 - entering critical section [integrity check]
2023-10-28 10:20:14,499 [INFO] PluginManage:310 - Check plugin tools
2023-10-28 10:20:14,500 [INFO] ThirdPartyUpdaterWithRetryManager:70 - Updater plugin not ready yet. [1/15]
2023-10-28 10:20:14,502 [INFO] PluginManage:359 - Loaded plugin tools (category:base,tabindex:7)
2023-10-28 10:20:14,502 [INFO] PluginManage:310 - Check plugin tutovideos
2023-10-28 10:20:14,645 [INFO] PluginManage:359 - Loaded plugin tutovideos (category:base,tabindex:-1)
2023-10-28 10:20:14,645 [INFO] PluginManage:310 - Check plugin updater
2023-10-28 10:20:14,655 [INFO] PluginManage:359 - Loaded plugin updater (category:base,tabindex:12)
2023-10-28 10:20:14,656 [INFO] PluginManage:310 - Check plugin userauth
2023-10-28 10:20:14,660 [INFO] UserAuth:113 - Init User Auth plugin
2023-10-28 10:20:14,660 [INFO] PluginManage:359 - Loaded plugin userauth (category:base,tabindex:14)
2023-10-28 10:20:14,660 [INFO] PluginManage:283 - PluginManage : Loaded plugins [17]
2023-10-28 10:20:14,814 [INFO] PinOutPanel:1499 - setPackage(No Configuration,No Configuration)
2023-10-28 10:20:14,889 [INFO] CADModel:165 - CPN selected for project level
2023-10-28 10:20:14,889 [INFO] CADModel:114 - Register for checkConnection events
2023-10-28 10:20:14,903 [INFO] IPUIPlugin:80 - create IPUIPlugin
2023-10-28 10:20:14,904 [INFO] PluginManager:220 - loadIPPluginJar : add usbx
2023-10-28 10:20:14,907 [INFO] IPUIPlugin:80 - create IPUIPlugin
2023-10-28 10:20:14,907 [INFO] PluginManager:220 - loadIPPluginJar : add cryp
2023-10-28 10:20:14,908 [INFO] IPUIPlugin:80 - create IPUIPlugin
2023-10-28 10:20:14,909 [INFO] PluginManager:220 - loadIPPluginJar : add ltdc
2023-10-28 10:20:14,910 [INFO] IPUIPlugin:80 - create IPUIPlugin
2023-10-28 10:20:14,910 [INFO] PluginManager:220 - loadIPPluginJar : add tsc
2023-10-28 10:20:14,913 [INFO] IPUIPlugin:80 - create IPUIPlugin
2023-10-28 10:20:14,914 [INFO] PluginManager:220 - loadIPPluginJar : add dma3
2023-10-28 10:20:14,917 [INFO] IPUIPlugin:80 - create IPUIPlugin
2023-10-28 10:20:14,918 [INFO] PluginManager:220 - loadIPPluginJar : add pdm2pcm
2023-10-28 10:20:14,926 [INFO] IPUIPlugin:80 - create IPUIPlugin
2023-10-28 10:20:14,926 [INFO] PluginManager:220 - loadIPPluginJar : add stm32_wpan
2023-10-28 10:20:14,931 [INFO] IPUIPlugin:80 - create IPUIPlugin
2023-10-28 10:20:14,932 [INFO] PluginManager:220 - loadIPPluginJar : add gic
2023-10-28 10:20:14,933 [INFO] IPUIPlugin:80 - create IPUIPlugin
2023-10-28 10:20:14,933 [INFO] PluginManager:220 - loadIPPluginJar : add genericplugin
2023-10-28 10:20:14,935 [INFO] IPUIPlugin:80 - create IPUIPlugin
2023-10-28 10:20:14,935 [INFO] PluginManager:220 - loadIPPluginJar : add i3c
2023-10-28 10:20:14,936 [INFO] IPUIPlugin:80 - create IPUIPlugin
2023-10-28 10:20:14,936 [INFO] PluginManager:220 - loadIPPluginJar : add fatfs
2023-10-28 10:20:14,938 [INFO] IPUIPlugin:80 - create IPUIPlugin
2023-10-28 10:20:14,938 [INFO] PluginManager:220 - loadIPPluginJar : add lorawan
2023-10-28 10:20:14,940 [INFO] IPUIPlugin:80 - create IPUIPlugin
2023-10-28 10:20:14,940 [INFO] PluginManager:220 - loadIPPluginJar : add i2c
2023-10-28 10:20:14,944 [INFO] IPUIPlugin:80 - create IPUIPlugin
2023-10-28 10:20:14,946 [INFO] PluginManager:220 - loadIPPluginJar : add plateformsettings
2023-10-28 10:20:14,951 [INFO] IPUIPlugin:80 - create IPUIPlugin
2023-10-28 10:20:14,951 [INFO] PluginManager:220 - loadIPPluginJar : add freertos
2023-10-28 10:20:14,953 [INFO] IPUIPlugin:80 - create IPUIPlugin
2023-10-28 10:20:14,953 [INFO] PluginManager:220 - loadIPPluginJar : add hash
2023-10-28 10:20:14,955 [INFO] IPUIPlugin:80 - create IPUIPlugin
2023-10-28 10:20:14,955 [INFO] PluginManager:220 - loadIPPluginJar : add sai
2023-10-28 10:20:14,959 [INFO] IPUIPlugin:80 - create IPUIPlugin
2023-10-28 10:20:14,959 [INFO] PluginManager:220 - loadIPPluginJar : add resmgrutility
2023-10-28 10:20:14,961 [INFO] IPUIPlugin:80 - create IPUIPlugin
2023-10-28 10:20:14,961 [INFO] PluginManager:220 - loadIPPluginJar : add ipddr
2023-10-28 10:20:14,963 [INFO] IPUIPlugin:80 - create IPUIPlugin
2023-10-28 10:20:14,963 [INFO] PluginManager:220 - loadIPPluginJar : add aes
2023-10-28 10:20:14,968 [INFO] IPUIPlugin:80 - create IPUIPlugin
2023-10-28 10:20:14,968 [INFO] PluginManager:220 - loadIPPluginJar : add linkedlist
2023-10-28 10:20:14,971 [INFO] IPUIPlugin:80 - create IPUIPlugin
2023-10-28 10:20:14,971 [INFO] PluginManager:220 - loadIPPluginJar : add gpio
2023-10-28 10:20:14,975 [INFO] IPUIPlugin:80 - create IPUIPlugin
2023-10-28 10:20:14,976 [INFO] PluginManager:220 - loadIPPluginJar : add adc
2023-10-28 10:20:14,977 [INFO] IPUIPlugin:80 - create IPUIPlugin
2023-10-28 10:20:14,977 [INFO] PluginManager:220 - loadIPPluginJar : add tracer_emb
2023-10-28 10:20:14,979 [INFO] IPUIPlugin:80 - create IPUIPlugin
2023-10-28 10:20:14,979 [INFO] PluginManager:220 - loadIPPluginJar : add can
2023-10-28 10:20:14,981 [INFO] IPUIPlugin:80 - create IPUIPlugin
2023-10-28 10:20:14,982 [INFO] PluginManager:220 - loadIPPluginJar : add gfxmmu
2023-10-28 10:20:14,985 [INFO] IPUIPlugin:80 - create IPUIPlugin
2023-10-28 10:20:14,985 [INFO] PluginManager:220 - loadIPPluginJar : add nvic
2023-10-28 10:20:14,986 [INFO] IPUIPlugin:80 - create IPUIPlugin
2023-10-28 10:20:14,986 [INFO] PluginManager:220 - loadIPPluginJar : add comp
2023-10-28 10:20:14,988 [INFO] IPUIPlugin:80 - create IPUIPlugin
2023-10-28 10:20:14,988 [INFO] PluginManager:220 - loadIPPluginJar : add dfsdm
2023-10-28 10:20:14,993 [INFO] IPUIPlugin:80 - create IPUIPlugin
2023-10-28 10:20:14,993 [INFO] PluginManager:220 - loadIPPluginJar : add dma
2023-10-28 10:20:14,994 [INFO] IPUIPlugin:80 - create IPUIPlugin
2023-10-28 10:20:14,994 [INFO] PluginManager:220 - loadIPPluginJar : add ts
2023-10-28 10:20:14,998 [INFO] IPUIPlugin:80 - create IPUIPlugin
2023-10-28 10:20:14,998 [INFO] PluginManager:220 - loadIPPluginJar : add mdma
2023-10-28 10:20:15,000 [INFO] IPUIPlugin:80 - create IPUIPlugin
2023-10-28 10:20:15,000 [INFO] PluginManager:220 - loadIPPluginJar : add opamp
2023-10-28 10:20:15,001 [INFO] IPUIPlugin:80 - create IPUIPlugin
2023-10-28 10:20:15,001 [INFO] PluginManager:220 - loadIPPluginJar : add i2s
2023-10-28 10:20:15,002 [INFO] IPUIPlugin:80 - create IPUIPlugin
2023-10-28 10:20:15,003 [INFO] PluginManager:220 - loadIPPluginJar : add quadspi
2023-10-28 10:20:15,005 [INFO] IPUIPlugin:80 - create IPUIPlugin
2023-10-28 10:20:15,005 [INFO] PluginManager:220 - loadIPPluginJar : add touchsensing
2023-10-28 10:20:15,007 [INFO] IPUIPlugin:80 - create IPUIPlugin
2023-10-28 10:20:15,008 [INFO] PluginManager:220 - loadIPPluginJar : add openamp
2023-10-28 10:20:15,009 [INFO] IPUIPlugin:80 - create IPUIPlugin
2023-10-28 10:20:15,009 [INFO] PluginManager:220 - loadIPPluginJar : add tim
2023-10-28 10:20:15,010 [INFO] IPUIPlugin:80 - create IPUIPlugin
2023-10-28 10:20:15,011 [INFO] PluginManager:220 - loadIPPluginJar : add spi
2023-10-28 10:20:15,012 [INFO] IPUIPlugin:80 - create IPUIPlugin
2023-10-28 10:20:15,012 [INFO] PluginManager:220 - loadIPPluginJar : add ucpd
2023-10-28 10:20:15,014 [INFO] IPUIPlugin:80 - create IPUIPlugin
2023-10-28 10:20:15,014 [INFO] PluginManager:220 - loadIPPluginJar : add gtzc
2023-10-28 10:20:15,016 [INFO] IPUIPlugin:80 - create IPUIPlugin
2023-10-28 10:20:15,016 [INFO] PluginManager:220 - loadIPPluginJar : add usart
2023-10-28 10:20:15,019 [INFO] IPUIPlugin:80 - create IPUIPlugin
2023-10-28 10:20:15,019 [INFO] PluginManager:220 - loadIPPluginJar : add fmc
2023-10-28 10:20:15,118 [INFO] CADModel:165 - CPN selected for project level
2023-10-28 10:20:15,119 [INFO] CADModel:114 - Register for checkConnection events
2023-10-28 10:20:15,120 [FATAL] Updater:308 - Updater called before beeing initialized
2023-10-28 10:20:15,120 [ERROR] CADModel:125 - Updater not yet initialized, retry later 
2023-10-28 10:20:15,255 [INFO] CADModel:165 - CPN selected for project level
2023-10-28 10:20:15,255 [INFO] CADModel:114 - Register for checkConnection events
2023-10-28 10:20:15,255 [FATAL] Updater:308 - Updater called before beeing initialized
2023-10-28 10:20:15,255 [ERROR] CADModel:125 - Updater not yet initialized, retry later 
2023-10-28 10:20:15,258 [FATAL] Updater:308 - Updater called before beeing initialized
2023-10-28 10:20:15,324 [FATAL] Updater:308 - Updater called before beeing initialized
2023-10-28 10:20:15,329 [INFO] DbMcusAds:53 - JSON generation date=Tue Mar 07 11:50:55 TRT 2023 (1678179055114)
2023-10-28 10:20:15,329 [FATAL] Updater:308 - Updater called before beeing initialized
2023-10-28 10:20:15,363 [WARN] DetailPanel:346 - Failed to get advertising image, set to default
2023-10-28 10:20:15,441 [FATAL] Updater:308 - Updater called before beeing initialized
2023-10-28 10:20:15,443 [FATAL] Updater:308 - Updater called before beeing initialized
2023-10-28 10:20:15,443 [FATAL] Updater:308 - Updater called before beeing initialized
2023-10-28 10:20:15,443 [WARN] DetailPanel:346 - Failed to get advertising image, set to default
2023-10-28 10:20:15,444 [FATAL] Updater:308 - Updater called before beeing initialized
2023-10-28 10:20:15,472 [ERROR] Updater:1120 - MainUpdater not yet initialized. External WinMGr cannot be set.
2023-10-28 10:20:15,474 [INFO] Updater:1056 - Updater Version found : 6.9.1
2023-10-28 10:20:15,488 [INFO] ApplicationProperties:184 - Using Application install path: /opt/st/stm32cubeide_1.13.1/plugins/com.st.stm32cube.common.mx_6.9.1.202307191849
2023-10-28 10:20:15,921 [INFO] MainUpdater:2868 - connection check result : 10
2023-10-28 10:20:15,921 [INFO] MainUpdater:3562 - Updater definition file requires update
2023-10-28 10:20:15,922 [INFO] MainUpdater:285 - Updater Check For Update Now.
2023-10-28 10:20:15,922 [INFO] MicroXplorer:498 - Change Database Version : DB.6.0.91
2023-10-28 10:20:16,138 [INFO] ServerAccessManage:473 - Download File updaters.zip
2023-10-28 10:20:16,291 [INFO] FileExtend:240 - Unzip File : updaters.zip
2023-10-28 10:20:16,291 [INFO] FileExtend:255 - Standard Zip Deflate
2023-10-28 10:20:16,843 [INFO] ServerAccessManage:473 - Download File PacksControlFlags.xml
2023-10-28 10:20:17,140 [INFO] ServerAccessManage:473 - Download File cubemx.pidx
2023-10-28 10:20:17,501 [WARN] MainUpdater:1189 - Updater busy. Cannot search thirdparties
2023-10-28 10:20:17,501 [INFO] ThirdPartyUpdaterWithRetryManager:96 - Updater plugin is busy. [1/15]
2023-10-28 10:20:17,804 [INFO] ServerAccessManage:473 - Download File STMicroelectronics.X-CUBE-EEPRMA1.pdsc
2023-10-28 10:20:18,651 [ERROR] ServerAccessManage:1089 - Problem, file not found on Server
2023-10-28 10:20:20,502 [WARN] MainUpdater:1189 - Updater busy. Cannot search thirdparties
2023-10-28 10:20:20,502 [INFO] ThirdPartyUpdaterWithRetryManager:96 - Updater plugin is busy. [2/15]
2023-10-28 10:20:21,132 [ERROR] ServerAccessManage:1096 - Problem, Http access forbiden
2023-10-28 10:20:21,135 [ERROR] ServerAccessManage:651 - Problem, Http access forbiden : RoweBots.I-CUBE-UNISONRTOS.pdsc.
2023-10-28 10:20:21,269 [WARN] PackLoader:240 - Cannot read IP mode file for STMicroelectronics.X-CUBE-EEPRMA1.4.2.0
2023-10-28 10:20:21,275 [INFO] PopulateThirdPartyThread:66 - Ending populate Thread
2023-10-28 10:20:21,276 [INFO] ThirdParty:1030 - CMSIS Pack Vendor :STMicroelectronics X-CUBE-EEPRMA1 4.2.0
2023-10-28 10:20:21,276 [INFO] LoadServerUpdatesThread:373 - End of LoadServerUpdate Thread
2023-10-28 10:20:21,395 [INFO] CheckServerUpdateThread:120 - End of CheckServer Thread
2023-10-28 10:20:21,542 [INFO] MainUpdater:2868 - connection check result : 10
2023-10-28 10:20:21,544 [INFO] MainUpdater:2868 - connection check result : 10
