2023-10-06 12:41:06,488 [INFO] Activator:176 - 


2023-10-06 12:41:06,492 [INFO] Activator:177 - !SESSION log4j initialized
2023-10-06 12:41:10,581 [INFO] LogOutputStream:77 - [STDOUT_REDIRECT] 
2023-10-06 12:41:11,192 [INFO] ApplicationProperties:184 - Using Application install path: /opt/st/stm32cubeide_1.13.1/plugins/com.st.stm32cube.common.mx_6.9.1.202307191849
2023-10-06 12:41:11,207 [INFO] DbMcusXml:78 - Set database path to: /opt/st/stm32cubeide_1.13.1/plugins/com.st.stm32cube.common.mx_6.9.1.202307191849//db//mcu/
2023-10-06 12:41:11,207 [INFO] ApiDb:274 - Set plugin database path to: /opt/st/stm32cubeide_1.13.1/plugins/com.st.stm32cube.common.mx_6.9.1.202307191849//db//plugins/boardmanager/
2023-10-06 12:41:11,208 [WARN] ApiDb:259 - Overriding images path with different value:  => /opt/st/stm32cubeide_1.13.1/plugins/com.st.stm32cube.common.mx_6.9.1.202307191849//db//plugins/mcufinder/images/
2023-10-06 12:41:11,222 [INFO] ApiDb:250 - Set database path to: /home/emirhan/.stmcufinder/plugins/mcufinder//mcu/
2023-10-06 12:41:11,223 [INFO] DbMcusAds:125 - Set database path to: /home/emirhan/.stmcufinder/plugins/mcufinder//mcu/
2023-10-06 12:41:11,227 [INFO] CrossReferenceDbSqlite:203 - Set database path to: /home/emirhan/.stmcufinder/plugins/mcufinder//mcu/cs/
2023-10-06 12:41:11,353 [INFO] RulesReader:64 - Compatibility file has been processed (293 Rules)
2023-10-06 12:41:11,422 [INFO] DbMcusXml:78 - Set database path to: /opt/st/stm32cubeide_1.13.1/plugins/com.st.stm32cube.common.mx_6.9.1.202307191849//db//mcu/
2023-10-06 12:41:11,423 [INFO] ApiDb:274 - Set plugin database path to: /opt/st/stm32cubeide_1.13.1/plugins/com.st.stm32cube.common.mx_6.9.1.202307191849//db//plugins/boardmanager/
2023-10-06 12:41:11,423 [INFO] ApiDb:261 - Set plugin images path to: /opt/st/stm32cubeide_1.13.1/plugins/com.st.stm32cube.common.mx_6.9.1.202307191849//db//plugins/mcufinder/images/
2023-10-06 12:41:11,423 [WARN] DbFile:41 - Overriding database path with different value: /home/emirhan/.stmcufinder/plugins/mcufinder/ => /home/emirhan/.stmcufinder/plugins/mcufinder
2023-10-06 12:41:11,423 [INFO] ApiDb:250 - Set database path to: /home/emirhan/.stmcufinder/plugins/mcufinder//mcu/
2023-10-06 12:41:11,423 [WARN] DbFile:41 - Overriding database path with different value: /home/emirhan/.stmcufinder/plugins/mcufinder/ => /home/emirhan/.stmcufinder/plugins/mcufinder
2023-10-06 12:41:11,423 [INFO] DbMcusAds:125 - Set database path to: /home/emirhan/.stmcufinder/plugins/mcufinder//mcu/
2023-10-06 12:41:11,424 [WARN] DbFile:41 - Overriding database path with different value: /home/emirhan/.stmcufinder/plugins/mcufinder/ => /home/emirhan/.stmcufinder/plugins/mcufinder
2023-10-06 12:41:11,424 [WARN] DbFile:41 - Overriding database path with different value: /home/emirhan/.stmcufinder/plugins/mcufinder/ => /home/emirhan/.stmcufinder/plugins/mcufinder
2023-10-06 12:41:11,424 [INFO] CrossReferenceDbSqlite:203 - Set database path to: /home/emirhan/.stmcufinder/plugins/mcufinder//mcu/cs/
2023-10-06 12:41:11,500 [INFO] MainPanel:262 - HeapMemory: 268435456
2023-10-06 12:41:11,598 [INFO] DbMcusXml:78 - Set database path to: /opt/st/stm32cubeide_1.13.1/plugins/com.st.stm32cube.common.mx_6.9.1.202307191849//db//mcu/
2023-10-06 12:41:11,598 [INFO] ApiDb:274 - Set plugin database path to: /opt/st/stm32cubeide_1.13.1/plugins/com.st.stm32cube.common.mx_6.9.1.202307191849//db//plugins/boardmanager/
2023-10-06 12:41:11,598 [INFO] ApiDb:261 - Set plugin images path to: /opt/st/stm32cubeide_1.13.1/plugins/com.st.stm32cube.common.mx_6.9.1.202307191849//db//plugins/mcufinder/images/
2023-10-06 12:41:11,599 [WARN] DbFile:41 - Overriding database path with different value: /home/emirhan/.stmcufinder/plugins/mcufinder/ => /home/emirhan/.stmcufinder/plugins/mcufinder
2023-10-06 12:41:11,599 [INFO] ApiDb:250 - Set database path to: /home/emirhan/.stmcufinder/plugins/mcufinder//mcu/
2023-10-06 12:41:11,599 [WARN] DbFile:41 - Overriding database path with different value: /home/emirhan/.stmcufinder/plugins/mcufinder/ => /home/emirhan/.stmcufinder/plugins/mcufinder
2023-10-06 12:41:11,599 [INFO] DbMcusAds:125 - Set database path to: /home/emirhan/.stmcufinder/plugins/mcufinder//mcu/
2023-10-06 12:41:11,599 [WARN] DbFile:41 - Overriding database path with different value: /home/emirhan/.stmcufinder/plugins/mcufinder/ => /home/emirhan/.stmcufinder/plugins/mcufinder
2023-10-06 12:41:11,599 [WARN] DbFile:41 - Overriding database path with different value: /home/emirhan/.stmcufinder/plugins/mcufinder/ => /home/emirhan/.stmcufinder/plugins/mcufinder
2023-10-06 12:41:11,599 [INFO] CrossReferenceDbSqlite:203 - Set database path to: /home/emirhan/.stmcufinder/plugins/mcufinder//mcu/cs/
2023-10-06 12:41:11,615 [INFO] ApplicationProperties:184 - Using Application install path: /opt/st/stm32cubeide_1.13.1/plugins/com.st.stm32cube.common.mx_6.9.1.202307191849
2023-10-06 12:41:11,616 [INFO] PluginManage:196 - Search for loadable plugins [exclusion list=, ]
2023-10-06 12:41:11,617 [INFO] PluginManage:310 - Check plugin analytics
2023-10-06 12:41:11,775 [INFO] AnalyticsPlugin:253 - Accepted Software Licenses: 
2023-10-06 12:41:11,775 [INFO] AnalyticsPlugin:255 - Accepted CMSIS Pack Licenses: 
2023-10-06 12:41:11,775 [INFO] AnalyticsPlugin:257 - Accepted Firmware Licenses: FW.F4.1.27.0
2023-10-06 12:41:11,777 [INFO] PluginManage:359 - Loaded plugin analytics (category:tool,tabindex:-1)
2023-10-06 12:41:11,778 [INFO] PluginManage:310 - Check plugin cadmodel
2023-10-06 12:41:11,813 [INFO] CADModel:105 - Init CAD model plugin
2023-10-06 12:41:11,813 [INFO] PluginManage:359 - Loaded plugin cadmodel (category:power,tabindex:5)
2023-10-06 12:41:11,814 [INFO] PluginManage:310 - Check plugin clock
2023-10-06 12:41:11,825 [INFO] PluginManage:359 - Loaded plugin clock (category:base,tabindex:2)
2023-10-06 12:41:11,825 [INFO] PluginManage:310 - Check plugin ddr
2023-10-06 12:41:11,828 [INFO] PluginManage:359 - Loaded plugin ddr (category:tool,tabindex:6)
2023-10-06 12:41:11,828 [INFO] PluginManage:310 - Check plugin filemanager
2023-10-06 12:41:11,945 [INFO] PluginManage:359 - Loaded plugin filemanager (category:base,tabindex:10)
2023-10-06 12:41:11,945 [INFO] PluginManage:310 - Check plugin ipmanager
2023-10-06 12:41:11,951 [INFO] PluginManage:359 - Loaded plugin ipmanager (category:base,tabindex:5)
2023-10-06 12:41:11,951 [INFO] PluginManage:310 - Check plugin lpbam
2023-10-06 12:41:11,959 [INFO] PluginManage:359 - Loaded plugin lpbam (category:base,tabindex:0)
2023-10-06 12:41:11,959 [INFO] PluginManage:310 - Check plugin memorymap
2023-10-06 12:41:11,972 [INFO] PluginManage:359 - Loaded plugin memorymap (category:base,tabindex:4)
2023-10-06 12:41:11,972 [INFO] PluginManage:310 - Check plugin pinoutandconfiguration
2023-10-06 12:41:11,979 [INFO] PluginManage:359 - Loaded plugin pinoutandconfiguration (category:base,tabindex:1)
2023-10-06 12:41:11,979 [INFO] PluginManage:310 - Check plugin pinoutconfig
2023-10-06 12:41:12,061 [WARN] SupportedApi:132 - Cannot load RTOS API schema: s4s-elt-must-match.1: The content of 'definitions' must match (annotation?, (simpleType | complexType)?, (unique | key | keyref)*)). A problem was found starting at: attribute.
2023-10-06 12:41:12,189 [INFO] PluginManage:359 - Loaded plugin pinoutconfig (category:base,tabindex:0)
2023-10-06 12:41:12,189 [INFO] PluginManage:310 - Check plugin power
2023-10-06 12:41:12,202 [INFO] PluginManage:359 - Loaded plugin power (category:power,tabindex:4)
2023-10-06 12:41:12,202 [INFO] PluginManage:310 - Check plugin projectmanager
2023-10-06 12:41:12,217 [INFO] PluginManage:359 - Loaded plugin projectmanager (category:projectmanager,tabindex:3)
2023-10-06 12:41:12,217 [INFO] PluginManage:310 - Check plugin thirdparty
2023-10-06 12:41:12,368 [INFO] PluginManage:359 - Loaded plugin thirdparty (category:base,tabindex:-1)
2023-10-06 12:41:12,368 [INFO] PluginManage:310 - Check plugin tools
2023-10-06 12:41:12,368 [WARN] IntegrityCheckThread:84 - waiting for thirdparty lock release [integrity check]
2023-10-06 12:41:12,369 [INFO] IntegrityCheckThread:86 - entering critical section [integrity check]
2023-10-06 12:41:12,369 [INFO] ThirdPartyUpdaterWithRetryManager:70 - Updater plugin not ready yet. [1/15]
2023-10-06 12:41:12,371 [INFO] PluginManage:359 - Loaded plugin tools (category:base,tabindex:7)
2023-10-06 12:41:12,371 [INFO] PluginManage:310 - Check plugin tutovideos
2023-10-06 12:41:12,582 [INFO] PluginManage:359 - Loaded plugin tutovideos (category:base,tabindex:-1)
2023-10-06 12:41:12,582 [INFO] PluginManage:310 - Check plugin updater
2023-10-06 12:41:12,595 [INFO] PluginManage:359 - Loaded plugin updater (category:base,tabindex:12)
2023-10-06 12:41:12,595 [INFO] PluginManage:310 - Check plugin userauth
2023-10-06 12:41:12,601 [INFO] UserAuth:113 - Init User Auth plugin
2023-10-06 12:41:12,601 [INFO] PluginManage:359 - Loaded plugin userauth (category:base,tabindex:14)
2023-10-06 12:41:12,602 [INFO] PluginManage:283 - PluginManage : Loaded plugins [17]
2023-10-06 12:41:12,786 [INFO] PinOutPanel:1499 - setPackage(No Configuration,No Configuration)
2023-10-06 12:41:12,865 [INFO] CADModel:165 - CPN selected for project level
2023-10-06 12:41:12,865 [INFO] CADModel:114 - Register for checkConnection events
2023-10-06 12:41:12,881 [INFO] IPUIPlugin:80 - create IPUIPlugin
2023-10-06 12:41:12,881 [INFO] PluginManager:220 - loadIPPluginJar : add usbx
2023-10-06 12:41:12,883 [INFO] IPUIPlugin:80 - create IPUIPlugin
2023-10-06 12:41:12,884 [INFO] PluginManager:220 - loadIPPluginJar : add cryp
2023-10-06 12:41:12,886 [INFO] IPUIPlugin:80 - create IPUIPlugin
2023-10-06 12:41:12,886 [INFO] PluginManager:220 - loadIPPluginJar : add ltdc
2023-10-06 12:41:12,888 [INFO] IPUIPlugin:80 - create IPUIPlugin
2023-10-06 12:41:12,889 [INFO] PluginManager:220 - loadIPPluginJar : add tsc
2023-10-06 12:41:12,891 [INFO] IPUIPlugin:80 - create IPUIPlugin
2023-10-06 12:41:12,892 [INFO] PluginManager:220 - loadIPPluginJar : add dma3
2023-10-06 12:41:12,895 [INFO] IPUIPlugin:80 - create IPUIPlugin
2023-10-06 12:41:12,896 [INFO] PluginManager:220 - loadIPPluginJar : add pdm2pcm
2023-10-06 12:41:12,903 [INFO] IPUIPlugin:80 - create IPUIPlugin
2023-10-06 12:41:12,903 [INFO] PluginManager:220 - loadIPPluginJar : add stm32_wpan
2023-10-06 12:41:12,907 [INFO] IPUIPlugin:80 - create IPUIPlugin
2023-10-06 12:41:12,908 [INFO] PluginManager:220 - loadIPPluginJar : add gic
2023-10-06 12:41:12,910 [INFO] IPUIPlugin:80 - create IPUIPlugin
2023-10-06 12:41:12,910 [INFO] PluginManager:220 - loadIPPluginJar : add genericplugin
2023-10-06 12:41:12,913 [INFO] IPUIPlugin:80 - create IPUIPlugin
2023-10-06 12:41:12,913 [INFO] PluginManager:220 - loadIPPluginJar : add i3c
2023-10-06 12:41:12,915 [INFO] IPUIPlugin:80 - create IPUIPlugin
2023-10-06 12:41:12,915 [INFO] PluginManager:220 - loadIPPluginJar : add fatfs
2023-10-06 12:41:12,917 [INFO] IPUIPlugin:80 - create IPUIPlugin
2023-10-06 12:41:12,917 [INFO] PluginManager:220 - loadIPPluginJar : add lorawan
2023-10-06 12:41:12,920 [INFO] IPUIPlugin:80 - create IPUIPlugin
2023-10-06 12:41:12,920 [INFO] PluginManager:220 - loadIPPluginJar : add i2c
2023-10-06 12:41:12,927 [INFO] IPUIPlugin:80 - create IPUIPlugin
2023-10-06 12:41:12,930 [INFO] PluginManager:220 - loadIPPluginJar : add plateformsettings
2023-10-06 12:41:12,937 [INFO] IPUIPlugin:80 - create IPUIPlugin
2023-10-06 12:41:12,937 [INFO] PluginManager:220 - loadIPPluginJar : add freertos
2023-10-06 12:41:12,939 [INFO] IPUIPlugin:80 - create IPUIPlugin
2023-10-06 12:41:12,939 [INFO] PluginManager:220 - loadIPPluginJar : add hash
2023-10-06 12:41:12,943 [INFO] IPUIPlugin:80 - create IPUIPlugin
2023-10-06 12:41:12,943 [INFO] PluginManager:220 - loadIPPluginJar : add sai
2023-10-06 12:41:12,947 [INFO] IPUIPlugin:80 - create IPUIPlugin
2023-10-06 12:41:12,947 [INFO] PluginManager:220 - loadIPPluginJar : add resmgrutility
2023-10-06 12:41:12,950 [INFO] IPUIPlugin:80 - create IPUIPlugin
2023-10-06 12:41:12,950 [INFO] PluginManager:220 - loadIPPluginJar : add ipddr
2023-10-06 12:41:12,951 [INFO] IPUIPlugin:80 - create IPUIPlugin
2023-10-06 12:41:12,951 [INFO] PluginManager:220 - loadIPPluginJar : add aes
2023-10-06 12:41:12,957 [INFO] IPUIPlugin:80 - create IPUIPlugin
2023-10-06 12:41:12,957 [INFO] PluginManager:220 - loadIPPluginJar : add linkedlist
2023-10-06 12:41:12,962 [INFO] IPUIPlugin:80 - create IPUIPlugin
2023-10-06 12:41:12,962 [INFO] PluginManager:220 - loadIPPluginJar : add gpio
2023-10-06 12:41:12,967 [INFO] IPUIPlugin:80 - create IPUIPlugin
2023-10-06 12:41:12,967 [INFO] PluginManager:220 - loadIPPluginJar : add adc
2023-10-06 12:41:12,969 [INFO] IPUIPlugin:80 - create IPUIPlugin
2023-10-06 12:41:12,969 [INFO] PluginManager:220 - loadIPPluginJar : add tracer_emb
2023-10-06 12:41:12,971 [INFO] IPUIPlugin:80 - create IPUIPlugin
2023-10-06 12:41:12,971 [INFO] PluginManager:220 - loadIPPluginJar : add can
2023-10-06 12:41:12,973 [INFO] IPUIPlugin:80 - create IPUIPlugin
2023-10-06 12:41:12,973 [INFO] PluginManager:220 - loadIPPluginJar : add gfxmmu
2023-10-06 12:41:12,977 [INFO] IPUIPlugin:80 - create IPUIPlugin
2023-10-06 12:41:12,977 [INFO] PluginManager:220 - loadIPPluginJar : add nvic
2023-10-06 12:41:12,978 [INFO] IPUIPlugin:80 - create IPUIPlugin
2023-10-06 12:41:12,979 [INFO] PluginManager:220 - loadIPPluginJar : add comp
2023-10-06 12:41:12,981 [INFO] IPUIPlugin:80 - create IPUIPlugin
2023-10-06 12:41:12,981 [INFO] PluginManager:220 - loadIPPluginJar : add dfsdm
2023-10-06 12:41:12,986 [INFO] IPUIPlugin:80 - create IPUIPlugin
2023-10-06 12:41:12,987 [INFO] PluginManager:220 - loadIPPluginJar : add dma
2023-10-06 12:41:12,988 [INFO] IPUIPlugin:80 - create IPUIPlugin
2023-10-06 12:41:12,988 [INFO] PluginManager:220 - loadIPPluginJar : add ts
2023-10-06 12:41:12,994 [INFO] IPUIPlugin:80 - create IPUIPlugin
2023-10-06 12:41:12,995 [INFO] PluginManager:220 - loadIPPluginJar : add mdma
2023-10-06 12:41:12,997 [INFO] IPUIPlugin:80 - create IPUIPlugin
2023-10-06 12:41:12,998 [INFO] PluginManager:220 - loadIPPluginJar : add opamp
2023-10-06 12:41:13,000 [INFO] IPUIPlugin:80 - create IPUIPlugin
2023-10-06 12:41:13,000 [INFO] PluginManager:220 - loadIPPluginJar : add i2s
2023-10-06 12:41:13,001 [INFO] IPUIPlugin:80 - create IPUIPlugin
2023-10-06 12:41:13,001 [INFO] PluginManager:220 - loadIPPluginJar : add quadspi
2023-10-06 12:41:13,004 [INFO] IPUIPlugin:80 - create IPUIPlugin
2023-10-06 12:41:13,004 [INFO] PluginManager:220 - loadIPPluginJar : add touchsensing
2023-10-06 12:41:13,006 [INFO] IPUIPlugin:80 - create IPUIPlugin
2023-10-06 12:41:13,006 [INFO] PluginManager:220 - loadIPPluginJar : add openamp
2023-10-06 12:41:13,008 [INFO] IPUIPlugin:80 - create IPUIPlugin
2023-10-06 12:41:13,008 [INFO] PluginManager:220 - loadIPPluginJar : add tim
2023-10-06 12:41:13,010 [INFO] IPUIPlugin:80 - create IPUIPlugin
2023-10-06 12:41:13,010 [INFO] PluginManager:220 - loadIPPluginJar : add spi
2023-10-06 12:41:13,012 [INFO] IPUIPlugin:80 - create IPUIPlugin
2023-10-06 12:41:13,012 [INFO] PluginManager:220 - loadIPPluginJar : add ucpd
2023-10-06 12:41:13,015 [INFO] IPUIPlugin:80 - create IPUIPlugin
2023-10-06 12:41:13,015 [INFO] PluginManager:220 - loadIPPluginJar : add gtzc
2023-10-06 12:41:13,017 [INFO] IPUIPlugin:80 - create IPUIPlugin
2023-10-06 12:41:13,017 [INFO] PluginManager:220 - loadIPPluginJar : add usart
2023-10-06 12:41:13,021 [INFO] IPUIPlugin:80 - create IPUIPlugin
2023-10-06 12:41:13,021 [INFO] PluginManager:220 - loadIPPluginJar : add fmc
2023-10-06 12:41:13,119 [INFO] CADModel:165 - CPN selected for project level
2023-10-06 12:41:13,119 [INFO] CADModel:114 - Register for checkConnection events
2023-10-06 12:41:13,119 [FATAL] Updater:308 - Updater called before beeing initialized
2023-10-06 12:41:13,119 [ERROR] CADModel:125 - Updater not yet initialized, retry later 
2023-10-06 12:41:13,298 [INFO] CADModel:165 - CPN selected for project level
2023-10-06 12:41:13,298 [INFO] CADModel:114 - Register for checkConnection events
2023-10-06 12:41:13,298 [FATAL] Updater:308 - Updater called before beeing initialized
2023-10-06 12:41:13,298 [ERROR] CADModel:125 - Updater not yet initialized, retry later 
2023-10-06 12:41:13,301 [FATAL] Updater:308 - Updater called before beeing initialized
2023-10-06 12:41:13,382 [FATAL] Updater:308 - Updater called before beeing initialized
2023-10-06 12:41:13,388 [INFO] DbMcusAds:53 - JSON generation date=Tue Mar 07 11:50:55 TRT 2023 (1678179055114)
2023-10-06 12:41:13,388 [FATAL] Updater:308 - Updater called before beeing initialized
2023-10-06 12:41:13,422 [WARN] DetailPanel:346 - Failed to get advertising image, set to default
2023-10-06 12:41:13,500 [FATAL] Updater:308 - Updater called before beeing initialized
2023-10-06 12:41:13,501 [FATAL] Updater:308 - Updater called before beeing initialized
2023-10-06 12:41:13,501 [FATAL] Updater:308 - Updater called before beeing initialized
2023-10-06 12:41:13,501 [WARN] DetailPanel:346 - Failed to get advertising image, set to default
2023-10-06 12:41:13,502 [FATAL] Updater:308 - Updater called before beeing initialized
2023-10-06 12:41:13,525 [ERROR] Updater:1120 - MainUpdater not yet initialized. External WinMGr cannot be set.
2023-10-06 12:41:13,527 [INFO] Updater:1056 - Updater Version found : 6.9.1
2023-10-06 12:41:13,554 [INFO] ApplicationProperties:184 - Using Application install path: /opt/st/stm32cubeide_1.13.1/plugins/com.st.stm32cube.common.mx_6.9.1.202307191849
2023-10-06 12:41:13,867 [INFO] MainUpdater:2868 - connection check result : 10
2023-10-06 12:41:13,868 [INFO] MainUpdater:285 - Updater Check For Update Now.
2023-10-06 12:41:13,868 [INFO] MicroXplorer:498 - Change Database Version : DB.6.0.91
2023-10-06 12:41:13,872 [INFO] McuFinderGlobals:63 - Set McuFinder mode to 2 (CubeIDE integrated)
2023-10-06 12:41:13,872 [INFO] UserAuth:179 - activating auth plugin
2023-10-06 12:41:13,875 [INFO] UserAuth:393 - Internet connection configuration mode: 1
2023-10-06 12:41:13,889 [INFO] JxBrowserEngine:151 - Initiate JxBrowser Engine with user profile folder
2023-10-06 12:41:14,062 [INFO] CheckServerUpdateThread:120 - End of CheckServer Thread
2023-10-06 12:41:15,078 [INFO] WebApp:157 - Instantiating new browser for Auth
2023-10-06 12:41:15,476 [WARN] PackLoader:240 - Cannot read IP mode file for STMicroelectronics.X-CUBE-SMBUS.2.1.0
2023-10-06 12:41:15,516 [WARN] PackLoader:240 - Cannot read IP mode file for STMicroelectronics.X-CUBE-AZRTOS-F7.1.1.0
2023-10-06 12:41:15,530 [WARN] PackLoader:240 - Cannot read IP mode file for STMicroelectronics.FP-SNS-MOTENV1.4.3.2
2023-10-06 12:41:15,537 [WARN] PackLoader:240 - Cannot read IP mode file for STMicroelectronics.FP-SNS-FLIGHT1.5.0.2
2023-10-06 12:41:15,548 [WARN] PackLoader:240 - Cannot read IP mode file for STMicroelectronics.X-CUBE-DISPLAY.3.0.0
2023-10-06 12:41:15,564 [WARN] PackLoader:240 - Cannot read IP mode file for STMicroelectronics.X-CUBE-BLE1.7.0.0
2023-10-06 12:41:15,571 [WARN] PackLoader:240 - Cannot read IP mode file for emotas.I-CUBE-CANOPEN.1.3.0
2023-10-06 12:41:15,576 [WARN] PackLoader:240 - Cannot read IP mode file for STMicroelectronics.X-CUBE-TOUCHGFX.4.22.0
2023-10-06 12:41:15,578 [WARN] PackLoader:240 - Cannot read IP mode file for STMicroelectronics.X-CUBE-TOUCHGFX.4.22.1
2023-10-06 12:41:15,583 [WARN] PackLoader:240 - Cannot read IP mode file for STMicroelectronics.FP-SNS-SMARTAG2.1.2.0
2023-10-06 12:41:15,597 [INFO] LogOutputStream:77 - [STDOUT_REDIRECT] 1 : Invalid condition id : UX_CORESTACK_Condition cause : null
2023-10-06 12:41:15,598 [INFO] LogOutputStream:77 - [STDOUT_REDIRECT] 1 : Invalid condition id : UX_CORESTACK_Condition cause : null
2023-10-06 12:41:15,598 [INFO] LogOutputStream:77 - [STDOUT_REDIRECT] 1 : Invalid condition id : UX_CORESTACK_Condition cause : null
2023-10-06 12:41:15,598 [INFO] LogOutputStream:77 - [STDOUT_REDIRECT] 1 : Invalid condition id : UX_CORESTACK_Condition cause : null
2023-10-06 12:41:15,599 [INFO] LogOutputStream:77 - [STDOUT_REDIRECT] 1 : Invalid condition id : UX_CORESTACK_Condition cause : null
2023-10-06 12:41:15,604 [WARN] PackLoader:240 - Cannot read IP mode file for STMicroelectronics.X-CUBE-AZRTOS-WL.2.0.0
2023-10-06 12:41:15,614 [WARN] PackLoader:240 - Cannot read IP mode file for WES.I-CUBE-Cesium.1.3.0
2023-10-06 12:41:15,619 [WARN] PackLoader:240 - Cannot read IP mode file for STMicroelectronics.X-CUBE-BLE2.3.3.0
2023-10-06 12:41:15,626 [WARN] PackLoader:240 - Cannot read IP mode file for STMicroelectronics.X-CUBE-ALGOBUILD.1.3.0
2023-10-06 12:41:15,664 [WARN] PackLoader:240 - Cannot read IP mode file for STMicroelectronics.X-CUBE-AZRTOS-G0.1.1.0
2023-10-06 12:41:15,673 [WARN] PackLoader:240 - Cannot read IP mode file for STMicroelectronics.X-CUBE-NFC4.3.0.0
2023-10-06 12:41:15,678 [WARN] PackLoader:240 - Cannot read IP mode file for STMicroelectronics.FP-ATR-SIGFOX1.3.2.0
2023-10-06 12:41:15,717 [WARN] PackLoader:240 - Cannot read IP mode file for SEGGER.I-CUBE-embOS.1.3.1
2023-10-06 12:41:15,779 [WARN] PackLoader:240 - Cannot read IP mode file for STMicroelectronics.X-CUBE-GNSS1.6.0.0
2023-10-06 12:41:15,801 [WARN] PackLoader:240 - Cannot read IP mode file for STMicroelectronics.X-CUBE-AZRTOS-F4.1.1.0
2023-10-06 12:41:15,807 [WARN] PackLoader:240 - Cannot read IP mode file for wolfSSL.I-CUBE-wolfSSL.5.6.3
2023-10-06 12:41:15,827 [WARN] PackLoader:240 - Cannot read IP mode file for STMicroelectronics.X-CUBE-AZRTOS-L5.2.0.0
2023-10-06 12:41:15,828 [INFO] WebApp:753 - Register for checkConnection events
2023-10-06 12:41:15,828 [INFO] WebApp:390 - Apply proxy settings
2023-10-06 12:41:15,828 [INFO] WebApp:475 - Chromium requires no authentication
2023-10-06 12:41:15,835 [INFO] WebApp:418 - Direct internet connection detected
2023-10-06 12:41:15,876 [WARN] PackLoader:240 - Cannot read IP mode file for STMicroelectronics.X-CUBE-MEMS1.9.6.0
2023-10-06 12:41:16,067 [INFO] WebApp:188 - Starting web application
2023-10-06 12:41:16,067 [INFO] WebApp:520 - Web application path used /opt/st/stm32cubeide_1.13.1/plugins/com.st.stm32cube.common.mx_6.9.1.202307191849/db/plugins/mcufinder/reactClient1/index.html
2023-10-06 12:41:16,091 [WARN] PackLoader:240 - Cannot read IP mode file for ITTIA_DB.I-CUBE-ITTIADB.8.8.0
2023-10-06 12:41:16,097 [WARN] PackLoader:240 - Cannot read IP mode file for STMicroelectronics.X-CUBE-BLEMGR.2.0.0
2023-10-06 12:41:16,112 [WARN] ConditionMgr:438 - getConditionDescription Invalid condition id : UX DEVICE CLASS RTOS Condition cause : null
2023-10-06 12:41:16,112 [WARN] ConditionMgr:438 - getConditionDescription Invalid condition id : UX DEVICE CLASS RTOS Condition cause : null
2023-10-06 12:41:16,115 [WARN] PackLoader:240 - Cannot read IP mode file for STMicroelectronics.X-CUBE-AZRTOS-H7.3.1.0
2023-10-06 12:41:16,116 [WARN] ConditionMgr:1039 - genDependencies : Invalid condition id : UX DEVICE CLASS RTOS Condition cause : null
2023-10-06 12:41:16,116 [WARN] ConditionMgr:1039 - genDependencies : Invalid condition id : UX DEVICE CLASS RTOS Condition cause : null
2023-10-06 12:41:16,116 [WARN] ConditionMgr:1039 - genDependencies : Invalid condition id : UX DEVICE CLASS RTOS Condition cause : null
2023-10-06 12:41:16,117 [WARN] ConditionMgr:1039 - genDependencies : Invalid condition id : UX DEVICE CLASS RTOS Condition cause : null
2023-10-06 12:41:16,117 [WARN] ConditionMgr:1039 - genDependencies : Invalid condition id : UX DEVICE CLASS RTOS Condition cause : null
2023-10-06 12:41:16,122 [WARN] PackLoader:240 - Cannot read IP mode file for STMicroelectronics.X-CUBE-NFC7.1.0.1
2023-10-06 12:41:16,128 [WARN] PackLoader:240 - Cannot read IP mode file for STMicroelectronics.X-CUBE-NFC6.3.0.0
2023-10-06 12:41:16,134 [WARN] PackLoader:240 - Cannot read IP mode file for STMicroelectronics.X-CUBE-EEPRMA1.4.1.0
2023-10-06 12:41:16,137 [WARN] PackLoader:240 - Cannot read IP mode file for STMicroelectronics.X-CUBE-AI.8.1.0
2023-10-06 12:41:16,157 [WARN] ConditionMgr:438 - getConditionDescription Invalid condition id : LAN8742 Phy interface Condition cause : null
2023-10-06 12:41:16,158 [WARN] PackLoader:240 - Cannot read IP mode file for STMicroelectronics.X-CUBE-AZRTOS-L4.2.0.0
2023-10-06 12:41:16,160 [WARN] ConditionMgr:1039 - genDependencies : Invalid condition id : LAN8742 Phy interface Condition cause : null
2023-10-06 12:41:16,160 [WARN] ConditionMgr:1039 - genDependencies : Invalid condition id : LAN8742 Phy interface Condition cause : null
2023-10-06 12:41:16,161 [WARN] ConditionMgr:1039 - genDependencies : Invalid condition id : LAN8742 Phy interface Condition cause : null
2023-10-06 12:41:16,168 [WARN] PackLoader:240 - Cannot read IP mode file for STMicroelectronics.X-CUBE-SFXS2LP1.4.0.0
2023-10-06 12:41:16,178 [WARN] PackLoader:240 - Cannot read IP mode file for STMicroelectronics.X-CUBE-ISPU.1.1.0
2023-10-06 12:41:16,189 [WARN] ConditionMgr:438 - getConditionDescription Invalid condition id : UX DEVICE CLASS RTOS Condition cause : null
2023-10-06 12:41:16,190 [WARN] ConditionMgr:438 - getConditionDescription Invalid condition id : UX DEVICE CLASS RTOS Condition cause : null
2023-10-06 12:41:16,192 [WARN] PackLoader:240 - Cannot read IP mode file for STMicroelectronics.X-CUBE-AZRTOS-WB.2.0.0
2023-10-06 12:41:16,193 [WARN] ConditionMgr:1039 - genDependencies : Invalid condition id : UX DEVICE CLASS RTOS Condition cause : null
2023-10-06 12:41:16,193 [WARN] ConditionMgr:1039 - genDependencies : Invalid condition id : UX DEVICE CLASS RTOS Condition cause : null
2023-10-06 12:41:16,194 [WARN] ConditionMgr:1039 - genDependencies : Invalid condition id : UX DEVICE CLASS RTOS Condition cause : null
2023-10-06 12:41:16,194 [WARN] ConditionMgr:1039 - genDependencies : Invalid condition id : UX DEVICE CLASS RTOS Condition cause : null
2023-10-06 12:41:16,194 [WARN] ConditionMgr:1039 - genDependencies : Invalid condition id : UX DEVICE CLASS RTOS Condition cause : null
2023-10-06 12:41:16,203 [WARN] PackLoader:240 - Cannot read IP mode file for STMicroelectronics.X-CUBE-SUBG2.5.0.0
2023-10-06 12:41:16,217 [WARN] PackLoader:240 - Cannot read IP mode file for STMicroelectronics.X-CUBE-TOF1.3.3.1
2023-10-06 12:41:16,238 [WARN] PackLoader:240 - Cannot read IP mode file for STMicroelectronics.X-CUBE-AZRTOS-G4.2.0.0
2023-10-06 12:41:16,243 [WARN] PackLoader:240 - Cannot read IP mode file for STMicroelectronics.X-CUBE-FREERTOS.1.1.0
2023-10-06 12:41:16,247 [WARN] PackLoader:240 - Cannot read IP mode file for portGmbH.I-Cube-SoM-uGOAL.1.1.0
2023-10-06 12:41:16,250 [WARN] PackLoader:240 - Cannot read IP mode file for STMicroelectronics.X-CUBE-ALS.1.0.1
2023-10-06 12:41:16,254 [WARN] PackLoader:240 - Cannot read IP mode file for STMicroelectronics.FP-ATR-ASTRA1.2.0.0
2023-10-06 12:41:16,254 [INFO] ThirdParty:978 - Integrity check success = true
2023-10-06 12:41:16,254 [INFO] IntegrityCheckThread:100 - exiting critical section [integrity check]
2023-10-06 12:41:16,254 [INFO] IntegrityCheckThread:103 - End integrity checks thread
2023-10-06 12:41:36,669 [ERROR] LogOutputStream:75 - [STDERR_REDIRECT] SLF4J: Failed to load class "org.slf4j.impl.StaticLoggerBinder".
2023-10-06 12:41:36,670 [ERROR] LogOutputStream:75 - [STDERR_REDIRECT] SLF4J: Defaulting to no-operation (NOP) logger implementation
2023-10-06 12:41:36,670 [ERROR] LogOutputStream:75 - [STDERR_REDIRECT] SLF4J: See http://www.slf4j.org/codes.html#StaticLoggerBinder for further details.
2023-10-06 12:42:20,280 [INFO] McuFinderGlobals:63 - Set McuFinder mode to 2 (CubeIDE integrated)
2023-10-06 12:42:20,283 [INFO] MainUpdater:2868 - connection check result : 10
2023-10-06 12:42:20,283 [INFO] MainUpdater:2868 - connection check result : 10
2023-10-06 12:42:20,309 [INFO] MicroXplorer:468 - Change Database Path : 
2023-10-06 12:42:20,310 [INFO] MicroXplorer:498 - Change Database Version : DB.6.0.91
2023-10-06 12:42:20,313 [WARN] ThirdParty:871 - waiting for thirdparty lock release [close project]
2023-10-06 12:42:20,313 [INFO] ThirdParty:873 - entering critical section [close project]
2023-10-06 12:42:20,314 [INFO] ThirdParty:883 - exiting critical section [close project]
2023-10-06 12:42:20,316 [INFO] PinOutPanel:1499 - setPackage(No Configuration,No Configuration)
2023-10-06 12:42:20,322 [INFO] UtilMem:75 - Begin LoadConfig() Used Memory: 399155152 Bytes (523239424)
2023-10-06 12:42:20,323 [INFO] MicroXplorer:468 - Change Database Path : 
2023-10-06 12:42:20,323 [INFO] MicroXplorer:498 - Change Database Version : DB.6.0.91
2023-10-06 12:42:20,323 [INFO] OpenFileManager:308 - Change cursor
2023-10-06 12:42:20,346 [INFO] Mcu:1946 - Initializing MCU STM32F401C(B-C)Ux STM32F401CCUx STM32F401CCU6
2023-10-06 12:42:21,456 [INFO] Context:659 - Trying to add GPIOservice into a context  which must be forbidden
2023-10-06 12:42:22,044 [INFO] RtosManager:555 - Registered RTOS mode: class=CMSIS, group=RTOS, mode=CMSIS_V1, owner=FREERTOS
2023-10-06 12:42:22,044 [INFO] RtosManager:555 - Registered RTOS mode: class=CMSIS, group=RTOS2, mode=CMSIS_V2, owner=FREERTOS
2023-10-06 12:42:22,044 [INFO] RtosManager:555 - Registered RTOS mode: class=RTOS, group=Core, mode=CMSIS_V1, owner=FREERTOS
2023-10-06 12:42:22,044 [INFO] RtosManager:555 - Registered RTOS mode: class=RTOS, group=Core, mode=CMSIS_V2, owner=FREERTOS
2023-10-06 12:42:22,044 [WARN] ModelIntegratedComponent:184 - Missing modes for component STMicroelectronics:FreeRTOS:0.0.1:STMicroelectronics:RTOS:FreeRTOS:Core:::10.2.0:
2023-10-06 12:42:22,047 [WARN] ModelIntegratedComponent:182 - Modes not found for component STMicroelectronics:USB_HOST:1.0.0:STMicroelectronics:USB::USB Host:Audio HS::1.0:USB_HOST_1_0_RESTRICTED_HS
2023-10-06 12:42:22,047 [WARN] ModelIntegratedComponent:188 - Modes not found for component STMicroelectronics:USB_HOST:1.0.0:STMicroelectronics:USB::USB Host:Audio HS::1.0:USB_HOST_1_0_RESTRICTED_HS
2023-10-06 12:42:22,047 [WARN] ModelIntegratedComponent:182 - Modes not found for component STMicroelectronics:USB_HOST:1.0.0:STMicroelectronics:USB::USB Host:CDC HS::1.0:USB_HOST_1_0_RESTRICTED_HS
2023-10-06 12:42:22,048 [WARN] ModelIntegratedComponent:188 - Modes not found for component STMicroelectronics:USB_HOST:1.0.0:STMicroelectronics:USB::USB Host:CDC HS::1.0:USB_HOST_1_0_RESTRICTED_HS
2023-10-06 12:42:22,048 [WARN] ModelIntegratedComponent:182 - Modes not found for component STMicroelectronics:USB_HOST:1.0.0:STMicroelectronics:USB::USB Host:MSC HS::1.0:USB_HOST_1_0_RESTRICTED_HS
2023-10-06 12:42:22,048 [WARN] ModelIntegratedComponent:188 - Modes not found for component STMicroelectronics:USB_HOST:1.0.0:STMicroelectronics:USB::USB Host:MSC HS::1.0:USB_HOST_1_0_RESTRICTED_HS
2023-10-06 12:42:22,048 [WARN] ModelIntegratedComponent:182 - Modes not found for component STMicroelectronics:USB_HOST:1.0.0:STMicroelectronics:USB::USB Host:HID HS::1.0:USB_HOST_1_0_RESTRICTED_HS
2023-10-06 12:42:22,048 [WARN] ModelIntegratedComponent:188 - Modes not found for component STMicroelectronics:USB_HOST:1.0.0:STMicroelectronics:USB::USB Host:HID HS::1.0:USB_HOST_1_0_RESTRICTED_HS
2023-10-06 12:42:22,048 [WARN] ModelIntegratedComponent:182 - Modes not found for component STMicroelectronics:USB_HOST:1.0.0:STMicroelectronics:USB::USB Host:MTP HS::1.0:USB_HOST_1_0_RESTRICTED_HS
2023-10-06 12:42:22,048 [WARN] ModelIntegratedComponent:188 - Modes not found for component STMicroelectronics:USB_HOST:1.0.0:STMicroelectronics:USB::USB Host:MTP HS::1.0:USB_HOST_1_0_RESTRICTED_HS
2023-10-06 12:42:22,053 [WARN] ModelIntegratedComponent:63 - No mode defined for component null
2023-10-06 12:42:22,053 [WARN] ModelIntegratedComponent:63 - No mode defined for component null
2023-10-06 12:42:22,053 [WARN] ModelIntegratedComponent:63 - No mode defined for component null
2023-10-06 12:42:22,053 [WARN] ModelIntegratedComponent:63 - No mode defined for component null
2023-10-06 12:42:22,053 [WARN] ModelIntegratedComponent:63 - No mode defined for component null
2023-10-06 12:42:22,053 [WARN] ModelIntegratedComponent:63 - No mode defined for component null
2023-10-06 12:42:22,053 [WARN] ModelIntegratedComponent:63 - No mode defined for component null
2023-10-06 12:42:22,053 [WARN] ModelIntegratedComponent:63 - No mode defined for component null
2023-10-06 12:42:22,053 [WARN] ModelIntegratedComponent:63 - No mode defined for component null
2023-10-06 12:42:22,053 [WARN] ModelIntegratedComponent:63 - No mode defined for component null
2023-10-06 12:42:22,053 [WARN] ModelIntegratedComponent:63 - No mode defined for component null
2023-10-06 12:42:22,053 [WARN] ModelIntegratedComponent:63 - No mode defined for component null
2023-10-06 12:42:22,053 [WARN] ModelIntegratedComponent:63 - No mode defined for component null
2023-10-06 12:42:22,053 [WARN] ModelIntegratedComponent:63 - No mode defined for component null
2023-10-06 12:42:22,053 [WARN] ModelIntegratedComponent:63 - No mode defined for component null
2023-10-06 12:42:22,053 [WARN] ModelIntegratedComponent:63 - No mode defined for component null
2023-10-06 12:42:22,053 [WARN] ModelIntegratedComponent:63 - No mode defined for component null
2023-10-06 12:42:22,053 [WARN] ModelIntegratedComponent:63 - No mode defined for component null
2023-10-06 12:42:22,054 [WARN] ModelIntegratedComponent:63 - No mode defined for component null
2023-10-06 12:42:22,054 [WARN] ModelIntegratedComponent:63 - No mode defined for component null
2023-10-06 12:42:22,054 [WARN] ModelIntegratedComponent:63 - No mode defined for component null
2023-10-06 12:42:22,054 [WARN] ModelIntegratedComponent:63 - No mode defined for component null
2023-10-06 12:42:22,054 [WARN] ModelIntegratedComponent:63 - No mode defined for component null
2023-10-06 12:42:22,054 [WARN] ModelIntegratedComponent:63 - No mode defined for component null
2023-10-06 12:42:22,054 [WARN] ModelIntegratedComponent:63 - No mode defined for component null
2023-10-06 12:42:22,054 [WARN] ModelIntegratedComponent:63 - No mode defined for component null
2023-10-06 12:42:22,054 [WARN] ModelIntegratedComponent:63 - No mode defined for component null
2023-10-06 12:42:22,054 [WARN] ModelIntegratedComponent:63 - No mode defined for component null
2023-10-06 12:42:22,054 [WARN] ModelIntegratedComponent:63 - No mode defined for component null
2023-10-06 12:42:22,054 [WARN] ModelIntegratedComponent:63 - No mode defined for component null
2023-10-06 12:42:22,054 [WARN] ModelIntegratedComponent:63 - No mode defined for component null
2023-10-06 12:42:22,054 [WARN] ModelIntegratedComponent:63 - No mode defined for component null
2023-10-06 12:42:22,054 [WARN] ModelIntegratedComponent:63 - No mode defined for component null
2023-10-06 12:42:22,061 [WARN] ModelIntegratedComponent:182 - Modes not found for component STMicroelectronics:USB_DEVICE:1.0.0:STMicroelectronics:USB::USB Device:Audio HS::1.0:USB_DEVICE_1_0_RESTRICTED_HS
2023-10-06 12:42:22,062 [WARN] ModelIntegratedComponent:188 - Modes not found for component STMicroelectronics:USB_DEVICE:1.0.0:STMicroelectronics:USB::USB Device:Audio HS::1.0:USB_DEVICE_1_0_RESTRICTED_HS
2023-10-06 12:42:22,062 [WARN] ModelIntegratedComponent:182 - Modes not found for component STMicroelectronics:USB_DEVICE:1.0.0:STMicroelectronics:USB::USB Device:CDC HS::1.0:USB_DEVICE_1_0_RESTRICTED_HS
2023-10-06 12:42:22,062 [WARN] ModelIntegratedComponent:188 - Modes not found for component STMicroelectronics:USB_DEVICE:1.0.0:STMicroelectronics:USB::USB Device:CDC HS::1.0:USB_DEVICE_1_0_RESTRICTED_HS
2023-10-06 12:42:22,062 [WARN] ModelIntegratedComponent:182 - Modes not found for component STMicroelectronics:USB_DEVICE:1.0.0:STMicroelectronics:USB::USB Device:DFU HS::1.0:USB_DEVICE_1_0_RESTRICTED_HS
2023-10-06 12:42:22,062 [WARN] ModelIntegratedComponent:188 - Modes not found for component STMicroelectronics:USB_DEVICE:1.0.0:STMicroelectronics:USB::USB Device:DFU HS::1.0:USB_DEVICE_1_0_RESTRICTED_HS
2023-10-06 12:42:22,062 [WARN] ModelIntegratedComponent:182 - Modes not found for component STMicroelectronics:USB_DEVICE:1.0.0:STMicroelectronics:USB::USB Device:HID HS::1.0:USB_DEVICE_1_0_RESTRICTED_HS
2023-10-06 12:42:22,062 [WARN] ModelIntegratedComponent:188 - Modes not found for component STMicroelectronics:USB_DEVICE:1.0.0:STMicroelectronics:USB::USB Device:HID HS::1.0:USB_DEVICE_1_0_RESTRICTED_HS
2023-10-06 12:42:22,062 [WARN] ModelIntegratedComponent:182 - Modes not found for component STMicroelectronics:USB_DEVICE:1.0.0:STMicroelectronics:USB::USB Device:Custom HID HS::1.0:USB_DEVICE_1_0_RESTRICTED_HS
2023-10-06 12:42:22,062 [WARN] ModelIntegratedComponent:188 - Modes not found for component STMicroelectronics:USB_DEVICE:1.0.0:STMicroelectronics:USB::USB Device:Custom HID HS::1.0:USB_DEVICE_1_0_RESTRICTED_HS
2023-10-06 12:42:22,062 [WARN] ModelIntegratedComponent:182 - Modes not found for component STMicroelectronics:USB_DEVICE:1.0.0:STMicroelectronics:USB::USB Device:MSC HS::1.0:USB_DEVICE_1_0_RESTRICTED_HS
2023-10-06 12:42:22,062 [WARN] ModelIntegratedComponent:188 - Modes not found for component STMicroelectronics:USB_DEVICE:1.0.0:STMicroelectronics:USB::USB Device:MSC HS::1.0:USB_DEVICE_1_0_RESTRICTED_HS
2023-10-06 12:42:22,079 [INFO] ThirdPartyModel:298 - Start build external matchings
2023-10-06 12:42:22,364 [INFO] ThirdPartyModel:316 - End build external matchings
2023-10-06 12:42:22,372 [INFO] RtosManager:919 - Current active RTOS is FREERTOS [Cortex-M4NS]
2023-10-06 12:42:22,377 [INFO] ImportTextPane:194 - (OptionalMessage_ERROR) IP (DMA) : Parameter (Instance) has Id (USART2_RX) currently not set
2023-10-06 12:42:22,377 [INFO] ImportTextPane:194 - (OptionalMessage_ERROR) IP (DMA) : Parameter (Channel) has Id (USART2_RX) currently not set
2023-10-06 12:42:22,377 [INFO] ImportTextPane:194 - (OptionalMessage_ERROR) IP (DMA) : Parameter (Direction) has Id (USART2_RX) currently not set
2023-10-06 12:42:22,377 [INFO] ImportTextPane:194 - (OptionalMessage_ERROR) IP (DMA) : Parameter (PeriphInc) has Id (USART2_RX) currently not set
2023-10-06 12:42:22,377 [INFO] ImportTextPane:194 - (OptionalMessage_ERROR) IP (DMA) : Parameter (MemInc) has Id (USART2_RX) currently not set
2023-10-06 12:42:22,378 [INFO] ImportTextPane:194 - (OptionalMessage_ERROR) IP (DMA) : Parameter (PeriphDataAlignment) has Id (USART2_RX) currently not set
2023-10-06 12:42:22,378 [INFO] ImportTextPane:194 - (OptionalMessage_ERROR) IP (DMA) : Parameter (MemDataAlignment) has Id (USART2_RX) currently not set
2023-10-06 12:42:22,378 [INFO] ImportTextPane:194 - (OptionalMessage_ERROR) IP (DMA) : Parameter (Mode) has Id (USART2_RX) currently not set
2023-10-06 12:42:22,378 [INFO] ImportTextPane:194 - (OptionalMessage_ERROR) IP (DMA) : Parameter (Priority) has Id (USART2_RX) currently not set
2023-10-06 12:42:22,378 [INFO] ImportTextPane:194 - (OptionalMessage_ERROR) IP (DMA) : Parameter (FIFOMode) has Id (USART2_RX) currently not set
2023-10-06 12:42:22,378 [INFO] ImportTextPane:194 - (OptionalMessage_ERROR) IP (DMA) : Parameter (Instance) has Id (USART2_TX) currently not set
2023-10-06 12:42:22,378 [INFO] ImportTextPane:194 - (OptionalMessage_ERROR) IP (DMA) : Parameter (Channel) has Id (USART2_TX) currently not set
2023-10-06 12:42:22,378 [INFO] ImportTextPane:194 - (OptionalMessage_ERROR) IP (DMA) : Parameter (Direction) has Id (USART2_TX) currently not set
2023-10-06 12:42:22,378 [INFO] ImportTextPane:194 - (OptionalMessage_ERROR) IP (DMA) : Parameter (PeriphInc) has Id (USART2_TX) currently not set
2023-10-06 12:42:22,378 [INFO] ImportTextPane:194 - (OptionalMessage_ERROR) IP (DMA) : Parameter (MemInc) has Id (USART2_TX) currently not set
2023-10-06 12:42:22,378 [INFO] ImportTextPane:194 - (OptionalMessage_ERROR) IP (DMA) : Parameter (PeriphDataAlignment) has Id (USART2_TX) currently not set
2023-10-06 12:42:22,378 [INFO] ImportTextPane:194 - (OptionalMessage_ERROR) IP (DMA) : Parameter (MemDataAlignment) has Id (USART2_TX) currently not set
2023-10-06 12:42:22,378 [INFO] ImportTextPane:194 - (OptionalMessage_ERROR) IP (DMA) : Parameter (Mode) has Id (USART2_TX) currently not set
2023-10-06 12:42:22,378 [INFO] ImportTextPane:194 - (OptionalMessage_ERROR) IP (DMA) : Parameter (Priority) has Id (USART2_TX) currently not set
2023-10-06 12:42:22,378 [INFO] ImportTextPane:194 - (OptionalMessage_ERROR) IP (DMA) : Parameter (FIFOMode) has Id (USART2_TX) currently not set
2023-10-06 12:42:22,384 [INFO] ImportTextPane:194 - (OptionalMessage_ERROR) IP (RCC) : Parameter (RTCHSEDivFreq_Value) has invalid value (12500000)
2023-10-06 12:42:22,532 [INFO] UtilMem:75 - End LoadConfig() Used Memory: 522074832 Bytes (629145600)
2023-10-06 12:42:22,631 [INFO] ApiDb:581 - Connected to CubeFinder SQLite database (/home/emirhan/.stmcufinder/plugins/mcufinder/mcu/cube-finder-db.db)
2023-10-06 12:42:22,686 [INFO] ApiDb:668 - CubeFinder database Data Model version=2.1
2023-10-06 12:42:22,686 [INFO] ApiDb:669 - CubeFinder database Configuration version=3.0.37
2023-10-06 12:42:22,686 [INFO] ApiDb:670 - CubeFinder database generation date=2023-08-09 (1691586011)
2023-10-06 12:42:22,686 [INFO] ApiDb:671 - CubeFinder database FW Pack versions=[FP-ATR-ASTRA1_V2.0.0, FP-SNS-FLIGHT1_V5.0.1, FP-SNS-FLIGHT1_V5.0.2, FP-SNS-MOTENV1_V4.3.1, FP-SNS-MOTENV1_V4.3.2, STM32Cube_FW_C0_V1.1.0, STM32Cube_FW_F4_V1.27.1, STM32Cube_FW_F7_V1.17.0, STM32Cube_FW_G0_V1.6.1, STM32Cube_FW_G4_V1.5.1, STM32Cube_FW_H5_V0.5.1, STM32Cube_FW_H5_V1.1.0, STM32Cube_FW_H7_V1.11.0, STM32Cube_FW_L0_V1.12.2, STM32Cube_FW_L5_V1.5.0, STM32Cube_FW_U5_V1.3.0, STM32Cube_FW_U5_V1.3.0RC4, STM32Cube_FW_WBA_V1.0.0RC1, STM32Cube_FW_WBA_V1.1.0, STM32Cube_FW_WBA_V1.1.0RC1, STM32Cube_FW_WB_V1.15.0RC1, STM32Cube_FW_WB_V1.16.0, STM32Cube_FW_WB_V1.16.0RC2, STM32Cube_FW_WB_V1.17.0, STM32Cube_FW_WL_V1.3.0, X-CUBE-ALGOBUILD_V1.3.0, X-CUBE-ALS_V1.0.1, X-CUBE-AZRTOS-F4_V1.1.0, X-CUBE-AZRTOS-F7_V1.1.0, X-CUBE-AZRTOS-G0_V1.1.0, X-CUBE-AZRTOS-G4_V2.0.0, X-CUBE-AZRTOS-H7_V3.1.0, X-CUBE-AZRTOS-L4_V1.0.0, X-CUBE-AZRTOS-L4_V2.0.0, X-CUBE-AZRTOS-L5_V1.1.0, X-CUBE-AZRTOS-WB_V1.1.0, X-CUBE-AZRTOS-WL_V2.0.0, X-CUBE-BLE1_V7.0.0, X-CUBE-BLE2_V3.3.0, X-CUBE-BLEMGR_V2.0.0, X-CUBE-EEPRMA1_V4.1.0, X-CUBE-FREERTOS_V1.1.0, X-CUBE-GNSS1_V6.0.0, X-CUBE-MEMS1_V9.1.0, X-CUBE-MEMS1_V9.4.0, X-CUBE-MEMS1_V9.6.0, X-CUBE-NFC4_V3.0.0, X-CUBE-NFC7_V1.0.0, X-CUBE-SFXS2LP1_V4.0.0, X-CUBE-SUBG2_V5.0.0, X-CUBE-TOF1_V3.3.1]
2023-10-06 12:42:24,506 [INFO] ApiDb:240 - Found 323 in-development CPN: [B-G473E-ZEST1S, B-WB1M-WPAN1, B-WL5M-SUBG1, NUCLEO-C031C6, NUCLEO-H503RB, NUCLEO-H563ZI, NUCLEO-U545RE-Q, NUCLEO-U5A5ZJ-Q, NUCLEO-WBA52CG, STEVAL-PROTEUS1, STEVAL-SMARTAG2, STEVAL-STWINBX1, STM320518-EVAL, STM32C0116-DK, STM32C011D6Y3TR, STM32C011D6Y6TR, STM32C011F4P3, STM32C011F4P6, STM32C011F4U3, STM32C011F4U6TR, STM32C011F6P3, STM32C011F6P6, STM32C011F6U3, STM32C011F6U6TR, STM32C011J4M3, STM32C011J4M6, STM32C011J6M3, STM32C011J6M6, STM32C0316-DK, STM32C031C4T3, STM32C031C4T6, STM32C031C4U3, STM32C031C4U6, STM32C031C6T3, STM32C031C6T6, STM32C031C6U3, STM32C031C6U6, STM32C031F4P3, STM32C031F4P6, STM32C031F6P3, STM32C031F6P6, STM32C031G4U3, STM32C031G4U6, STM32C031G6U3, STM32C031G6U6, STM32C031K4T3, STM32C031K4T6, STM32C031K4U3, STM32C031K4U6, STM32C031K6T3, STM32C031K6T6, STM32C031K6U3, STM32C031K6U6, STM32G071K8TXN, STM32G071K8UXN, STM32G081GBU6N, STM32G081KBT6N, STM32G081KBUXN, STM32G0B1CCT6N, STM32G0B1KCT6, STM32G0B1NEY6TR, STM32G0B1RCT6N, STM32G0C1CCT6, STM32G0C1CCT6N, STM32G0C1CCU6N, STM32G0C1CET6N, STM32G0C1CEU6N, STM32G0C1KCT6, STM32G0C1NEY6TR, STM32G0C1RCI6N, STM32G0C1RCT6N, STM32G0C1REI6N, STM32G0C1RET6N, STM32G0C1VCI6, STM32G0C1VEI6, STM32G471CCT6, STM32G471CCU6, STM32G471CET3, STM32G471CET6, STM32G471CEU3, STM32G471CEU6, STM32G471MCT6, STM32G471MET3, STM32G471MET6, STM32G471MEY6TR, STM32G471QCT6, STM32G471QET3, STM32G471RCT6, STM32G471RET3, STM32G471RET6, STM32G471VCH6, STM32G471VCI6, STM32G471VCT6, STM32G471VEH3, STM32G471VEH6, STM32G471VEI3, STM32G471VEI6, STM32G471VET3, STM32G471VET6, STM32G474CCT6, STM32H503CBT6, STM32H503CBU6, STM32H503EBY6TR, STM32H503KBU6, STM32H503RBT6, STM32H562AGI6, STM32H562AII6, STM32H562IGK6, STM32H562IGT6, STM32H562IIK6, STM32H562IIT6, STM32H562RGT6, STM32H562RGV6, STM32H562RIT6, STM32H562RIV6, STM32H562VGT6, STM32H562VIT6, STM32H562ZGT6, STM32H562ZIT6, STM32H563AGI6, STM32H563AII3Q, STM32H563AII6, STM32H563IGK6, STM32H563IGT6, STM32H563IIK3Q, STM32H563IIK6, STM32H563IIT3Q, STM32H563IIT6, STM32H563MIY3QTR, STM32H563RGT6, STM32H563RGV6, STM32H563RIT6, STM32H563RIV6, STM32H563VGT6, STM32H563VIT3Q, STM32H563VIT6, STM32H563ZGT6, STM32H563ZIT3Q, STM32H563ZIT6, STM32H573AII3Q, STM32H573AII6, STM32H573I-DK, STM32H573IIK3Q, STM32H573IIK6, STM32H573IIT3Q, STM32H573IIT6, STM32H573MIY3QTR, STM32H573RIT6, STM32H573RIV6, STM32H573VIT3Q, STM32H573VIT6, STM32H573ZIT3Q, STM32H573ZIT6, STM32L4R5QGI6STR, STM32MP131AAE3, STM32MP131AAF3, STM32MP131AAG3, STM32MP131CAE3, STM32MP131CAF3, STM32MP131CAG3, STM32MP131DAE7, STM32MP131DAF7, STM32MP131DAG7, STM32MP131FAE7, STM32MP131FAF7, STM32MP131FAG7, STM32MP133AAE3, STM32MP133AAF3, STM32MP133AAG3, STM32MP133CAE3, STM32MP133CAF3, STM32MP133CAG3, STM32MP133DAE7, STM32MP133DAF7, STM32MP133DAG7, STM32MP133FAE7, STM32MP133FAF7, STM32MP133FAG7, STM32MP135AAE3, STM32MP135AAF3, STM32MP135AAG3, STM32MP135CAE3, STM32MP135CAF3, STM32MP135CAG3, STM32MP135DAE7, STM32MP135DAF7, STM32MP135DAG7, STM32MP135F-DK, STM32MP135FAE7, STM32MP135FAF7, STM32MP135FAF7T, STM32MP135FAF7U, STM32MP135FAG7, STM32U535CBT6, STM32U535CBT6Q, STM32U535CBU6, STM32U535CBU6Q, STM32U535CCT6, STM32U535CCT6Q, STM32U535CCU6, STM32U535CCU6Q, STM32U535CET6, STM32U535CET6Q, STM32U535CEU6, STM32U535CEU6Q, STM32U535JEY6QTR, STM32U535NCY6QTR, STM32U535NEY6QTR, STM32U535RBI6, STM32U535RBI6Q, STM32U535RBT6, STM32U535RBT6Q, STM32U535RCI6, STM32U535RCI6Q, STM32U535RCT6, STM32U535RCT6Q, STM32U535REI6, STM32U535REI6Q, STM32U535RET6, STM32U535RET6Q, STM32U535VCI6, STM32U535VCI6Q, STM32U535VCT6, STM32U535VCT6Q, STM32U535VEI6, STM32U535VEI6Q, STM32U535VET6, STM32U535VET6Q, STM32U545CET6, STM32U545CET6Q, STM32U545CEU6, STM32U545CEU6Q, STM32U545JEY6QTR, STM32U545NEY6QTR, STM32U545REI6, STM32U545REI6Q, STM32U545RET6, STM32U545RET6Q, STM32U545VEI6, STM32U545VEI6Q, STM32U545VET6, STM32U545VET6Q, STM32U595AIH6, STM32U595AIH6Q, STM32U595AJH6, STM32U595AJH6Q, STM32U595QII6, STM32U595QII6Q, STM32U595QJI6, STM32U595QJI6Q, STM32U595RIT6, STM32U595RIT6Q, STM32U595RJT6, STM32U595RJT6Q, STM32U595VIT6, STM32U595VIT6Q, STM32U595VJT6, STM32U595VJT6Q, STM32U595ZIT6, STM32U595ZIT6Q, STM32U595ZIY6QTR, STM32U595ZJT6, STM32U595ZJT6Q, STM32U595ZJY6QTR, STM32U599BJY6QTR, STM32U599NIH6Q, STM32U599NJH6Q, STM32U599VIT6Q, STM32U599VJT6, STM32U599VJT6Q, STM32U599ZIT6Q, STM32U599ZIY6QTR, STM32U599ZJT6Q, STM32U599ZJY6QTR, STM32U5A5AJH6, STM32U5A5AJH6Q, STM32U5A5QJI6, STM32U5A5QJI6Q, STM32U5A5RJT6, STM32U5A5RJT6Q, STM32U5A5VJT6, STM32U5A5VJT6Q, STM32U5A5ZJT6, STM32U5A5ZJT6Q, STM32U5A5ZJY6QTR, STM32U5A9BJY6QTR, STM32U5A9J-DK, STM32U5A9NJH6Q, STM32U5A9VJT6Q, STM32U5A9ZJT6Q, STM32U5A9ZJY6QTR, STM32U5F7VIT6, STM32U5F7VIT6Q, STM32U5F7VJT6, STM32U5F7VJT6Q, STM32U5F9BJY6QTR, STM32U5F9NJH6Q, STM32U5F9VIT6Q, STM32U5F9VJT6Q, STM32U5F9ZIJ6QTR, STM32U5F9ZIT6Q, STM32U5F9ZJJ6QTR, STM32U5F9ZJT6Q, STM32U5G7VJT6, STM32U5G7VJT6Q, STM32U5G9BJY6QTR, STM32U5G9J-DK1, STM32U5G9J-DK2, STM32U5G9NJH6Q, STM32U5G9VJT6Q, STM32U5G9ZJJ6QTR, STM32U5G9ZJT6Q, STM32WB1MMCH6, STM32WBA52CEU6, STM32WBA52CEU6T, STM32WBA52CGU6, STM32WBA52CGU6T, STM32WBA52KEU6, STM32WBA52KEU6T, STM32WBA52KGU6, STM32WBA52KGU6T, STM32WL5MOCH6, STM32WL5MOCH6TR]
2023-10-06 12:42:24,509 [INFO] DbMcus:217 - Found 3848 MCUs, 3848 are supported
2023-10-06 12:42:24,509 [INFO] ApiDb:423 - Load user favorites file /home/emirhan/.stm32cubeide/favorites.mcus.txt: 0 item(s)
2023-10-06 12:42:24,509 [INFO] ApiDb:427 - User favorites MCUs=[]
2023-10-06 12:42:24,509 [INFO] DbMcus:223 - Set 0 / 0 favorites MCUs
2023-10-06 12:42:24,815 [WARN] ThirdParty:833 - waiting for thirdparty lock release [change project]
2023-10-06 12:42:24,815 [INFO] ThirdParty:835 - entering critical section [change project]
2023-10-06 12:42:24,815 [INFO] ThirdParty:1030 - CMSIS Pack Vendor :STMicroelectronics X-CUBE-ISPU 1.1.0
2023-10-06 12:42:24,815 [INFO] ThirdParty:1030 - CMSIS Pack Vendor :STMicroelectronics USBPD 4.1
2023-10-06 12:42:24,815 [INFO] ThirdParty:1030 - CMSIS Pack Vendor :STMicroelectronics X-CUBE-GNSS1 6.0.0
2023-10-06 12:42:24,816 [INFO] ThirdParty:1030 - CMSIS Pack Vendor :STMicroelectronics USB_HOST 2.0.0
2023-10-06 12:42:24,816 [INFO] ThirdParty:1030 - CMSIS Pack Vendor :STMicroelectronics X-CUBE-AZRTOS-F4 1.1.0
2023-10-06 12:42:24,816 [INFO] ThirdParty:1030 - CMSIS Pack Vendor :STMicroelectronics LIBJPEG 8.0.0
2023-10-06 12:42:24,816 [INFO] ThirdParty:1030 - CMSIS Pack Vendor :wolfSSL I-CUBE-wolfSSL 5.6.3
2023-10-06 12:42:24,816 [INFO] ThirdParty:1030 - CMSIS Pack Vendor :STMicroelectronics X-CUBE-SMBUS 2.1.0
2023-10-06 12:42:24,816 [INFO] ThirdParty:1030 - CMSIS Pack Vendor :STMicroelectronics USB_DEVICE 3.0.0
2023-10-06 12:42:24,816 [INFO] ThirdParty:1030 - CMSIS Pack Vendor :STMicroelectronics X-CUBE-AZRTOS-WB 2.0.0
2023-10-06 12:42:24,816 [INFO] ThirdParty:1030 - CMSIS Pack Vendor :STMicroelectronics X-CUBE-AZRTOS-F7 1.1.0
2023-10-06 12:42:24,816 [INFO] ThirdParty:1030 - CMSIS Pack Vendor :STMicroelectronics X-CUBE-AZRTOS-L5 2.0.0
2023-10-06 12:42:24,816 [INFO] ThirdParty:1030 - CMSIS Pack Vendor :STMicroelectronics USB_DEVICE 2.0.0
2023-10-06 12:42:24,816 [INFO] ThirdParty:1030 - CMSIS Pack Vendor :STMicroelectronics X-CUBE-MEMS1 9.6.0
2023-10-06 12:42:24,816 [INFO] ThirdParty:1030 - CMSIS Pack Vendor :ITTIA_DB I-CUBE-ITTIADB 8.8.0
2023-10-06 12:42:24,816 [INFO] ThirdParty:1030 - CMSIS Pack Vendor :STMicroelectronics FP-SNS-MOTENV1 4.3.2
2023-10-06 12:42:24,816 [INFO] ThirdParty:1030 - CMSIS Pack Vendor :STMicroelectronics X-CUBE-ALGOBUILD 1.3.0
2023-10-06 12:42:24,816 [INFO] ThirdParty:1030 - CMSIS Pack Vendor :STMicroelectronics FreeRTOS 0.0.1
2023-10-06 12:42:24,816 [INFO] ThirdParty:1030 - CMSIS Pack Vendor :STMicroelectronics X-CUBE-AZRTOS-G0 1.1.0
2023-10-06 12:42:24,816 [INFO] ThirdParty:1030 - CMSIS Pack Vendor :STMicroelectronics X-CUBE-BLEMGR 2.0.0
2023-10-06 12:42:24,817 [INFO] ThirdParty:1030 - CMSIS Pack Vendor :STMicroelectronics X-CUBE-NFC4 3.0.0
2023-10-06 12:42:24,817 [INFO] ThirdParty:1030 - CMSIS Pack Vendor :STMicroelectronics X-CUBE-SUBG2 5.0.0
2023-10-06 12:42:24,817 [INFO] ThirdParty:1030 - CMSIS Pack Vendor :STMicroelectronics STM32_WPAN 1.0.0
2023-10-06 12:42:24,817 [INFO] ThirdParty:1030 - CMSIS Pack Vendor :STMicroelectronics lwIP 2.0.3
2023-10-06 12:42:24,817 [INFO] ThirdParty:1030 - CMSIS Pack Vendor :STMicroelectronics FP-SNS-FLIGHT1 5.0.2
2023-10-06 12:42:24,817 [INFO] ThirdParty:1030 - CMSIS Pack Vendor :STMicroelectronics USB_HOST 1.0.0
2023-10-06 12:42:24,817 [INFO] ThirdParty:1030 - CMSIS Pack Vendor :STMicroelectronics X-CUBE-TOF1 3.3.1
2023-10-06 12:42:24,817 [INFO] ThirdParty:1030 - CMSIS Pack Vendor :STMicroelectronics X-CUBE-AZRTOS-G4 2.0.0
2023-10-06 12:42:24,817 [INFO] ThirdParty:1030 - CMSIS Pack Vendor :STMicroelectronics PDM2PCM 3.1.0
2023-10-06 12:42:24,817 [INFO] ThirdParty:1030 - CMSIS Pack Vendor :STMicroelectronics X-CUBE-AZRTOS-H7 3.1.0
2023-10-06 12:42:24,817 [INFO] ThirdParty:1030 - CMSIS Pack Vendor :STMicroelectronics PDM2PCM 3.3.0
2023-10-06 12:42:24,817 [INFO] ThirdParty:1030 - CMSIS Pack Vendor :STMicroelectronics X-CUBE-DISPLAY 3.0.0
2023-10-06 12:42:24,817 [INFO] ThirdParty:1030 - CMSIS Pack Vendor :STMicroelectronics X-CUBE-BLE1 7.0.0
2023-10-06 12:42:24,817 [INFO] ThirdParty:1030 - CMSIS Pack Vendor :STMicroelectronics FP-ATR-SIGFOX1 3.2.0
2023-10-06 12:42:24,817 [INFO] ThirdParty:1030 - CMSIS Pack Vendor :STMicroelectronics HAL Drivers 0.0.0
2023-10-06 12:42:24,817 [INFO] ThirdParty:1030 - CMSIS Pack Vendor :STMicroelectronics MBEDTLS 2.16.2
2023-10-06 12:42:24,817 [INFO] ThirdParty:1030 - CMSIS Pack Vendor :emotas I-CUBE-CANOPEN 1.3.0
2023-10-06 12:42:24,818 [INFO] ThirdParty:1030 - CMSIS Pack Vendor :STMicroelectronics X-CUBE-FREERTOS 1.1.0
2023-10-06 12:42:24,818 [INFO] ThirdParty:1030 - CMSIS Pack Vendor :STMicroelectronics X-CUBE-TOUCHGFX 4.22.0
2023-10-06 12:42:24,818 [INFO] ThirdParty:1030 - CMSIS Pack Vendor :STMicroelectronics X-CUBE-NFC7 1.0.1
2023-10-06 12:42:24,818 [INFO] ThirdParty:1030 - CMSIS Pack Vendor :STMicroelectronics MBEDTLS 2.14.1
2023-10-06 12:42:24,818 [INFO] ThirdParty:1030 - CMSIS Pack Vendor :STMicroelectronics X-CUBE-TOUCHGFX 4.22.1
2023-10-06 12:42:24,818 [INFO] ThirdParty:1030 - CMSIS Pack Vendor :STMicroelectronics X-CUBE-NFC6 3.0.0
2023-10-06 12:42:24,818 [INFO] ThirdParty:1030 - CMSIS Pack Vendor :STMicroelectronics X-CUBE-EEPRMA1 4.1.0
2023-10-06 12:42:24,818 [INFO] ThirdParty:1030 - CMSIS Pack Vendor :portGmbH I-Cube-SoM-uGOAL 1.1.0
2023-10-06 12:42:24,818 [INFO] ThirdParty:1030 - CMSIS Pack Vendor :STMicroelectronics X-CUBE-ALS 1.0.1
2023-10-06 12:42:24,818 [INFO] ThirdParty:1030 - CMSIS Pack Vendor :STMicroelectronics ThreadX 1.0.0
2023-10-06 12:42:24,818 [INFO] ThirdParty:1030 - CMSIS Pack Vendor :STMicroelectronics FP-SNS-SMARTAG2 1.2.0
2023-10-06 12:42:24,819 [INFO] ThirdParty:1030 - CMSIS Pack Vendor :STMicroelectronics X-CUBE-AZRTOS-WL 2.0.0
2023-10-06 12:42:24,819 [INFO] ThirdParty:1030 - CMSIS Pack Vendor :SEGGER I-CUBE-embOS 1.3.1
2023-10-06 12:42:24,819 [INFO] ThirdParty:1030 - CMSIS Pack Vendor :STMicroelectronics USB_DEVICE 1.0.0
2023-10-06 12:42:24,819 [INFO] ThirdParty:1030 - CMSIS Pack Vendor :STMicroelectronics X-CUBE-AI 8.1.0
2023-10-06 12:42:24,819 [INFO] ThirdParty:1030 - CMSIS Pack Vendor :STMicroelectronics X-CUBE-AZRTOS-L4 2.0.0
2023-10-06 12:42:24,819 [INFO] ThirdParty:1030 - CMSIS Pack Vendor :STMicroelectronics ThreadX 0.0.2
2023-10-06 12:42:24,819 [INFO] ThirdParty:1030 - CMSIS Pack Vendor :WES I-CUBE-Cesium 1.3.0
2023-10-06 12:42:24,819 [INFO] ThirdParty:1030 - CMSIS Pack Vendor :STMicroelectronics FP-ATR-ASTRA1 2.0.0
2023-10-06 12:42:24,819 [INFO] ThirdParty:1030 - CMSIS Pack Vendor :STMicroelectronics lwIP 2.1.2
2023-10-06 12:42:24,819 [INFO] ThirdParty:1030 - CMSIS Pack Vendor :STMicroelectronics X-CUBE-SFXS2LP1 4.0.0
2023-10-06 12:42:24,819 [INFO] ThirdParty:1030 - CMSIS Pack Vendor :STMicroelectronics X-CUBE-BLE2 3.3.0
2023-10-06 12:42:24,819 [INFO] ThirdParty:1030 - CMSIS Pack Vendor :STMicroelectronics PDM2PCM 3.2.0
2023-10-06 12:42:24,820 [INFO] ThirdParty:841 - exiting critical section [change project]
2023-10-06 12:42:25,127 [INFO] PinOutPanel:1499 - setPackage(No Configuration,No Configuration)
2023-10-06 12:42:25,129 [INFO] PinOutPanel:1499 - setPackage(STM32F401CCUx,UFQFPN48)
2023-10-06 12:42:25,604 [INFO] UtilMem:75 - Before build in PCC Used Memory: 511268352 Bytes (722468864)
2023-10-06 12:42:26,218 [INFO] UtilMem:75 - After build in PCC Used Memory: 571970784 Bytes (722468864)
2023-10-06 12:42:26,326 [INFO] ApiDbMcu:507 - Load IP Config File for FREERTOS
2023-10-06 12:42:26,360 [INFO] IPUIPlugin:80 - create IPUIPlugin
2023-10-06 12:42:26,360 [INFO] IPUIPlugin:80 - create IPUIPlugin
2023-10-06 12:42:26,361 [INFO] IPUIPlugin:80 - create IPUIPlugin
2023-10-06 12:42:26,361 [INFO] IPUIPlugin:80 - create IPUIPlugin
2023-10-06 12:42:26,361 [INFO] IPUIPlugin:80 - create IPUIPlugin
2023-10-06 12:42:26,361 [INFO] IPUIPlugin:80 - create IPUIPlugin
2023-10-06 12:42:26,361 [INFO] IPUIPlugin:80 - create IPUIPlugin
2023-10-06 12:42:26,361 [INFO] IPUIPlugin:80 - create IPUIPlugin
2023-10-06 12:42:26,361 [INFO] IPUIPlugin:80 - create IPUIPlugin
2023-10-06 12:42:26,361 [INFO] IPUIPlugin:80 - create IPUIPlugin
2023-10-06 12:42:26,362 [INFO] IPUIPlugin:80 - create IPUIPlugin
2023-10-06 12:42:26,362 [INFO] IPUIPlugin:80 - create IPUIPlugin
2023-10-06 12:42:26,362 [INFO] IPUIPlugin:80 - create IPUIPlugin
2023-10-06 12:42:26,362 [INFO] IPUIPlugin:80 - create IPUIPlugin
2023-10-06 12:42:26,363 [INFO] IPUIPlugin:80 - create IPUIPlugin
2023-10-06 12:42:26,363 [INFO] IPUIPlugin:80 - create IPUIPlugin
2023-10-06 12:42:26,363 [INFO] IPUIPlugin:80 - create IPUIPlugin
2023-10-06 12:42:26,363 [INFO] IPUIPlugin:80 - create IPUIPlugin
2023-10-06 12:42:26,364 [INFO] IPUIPlugin:80 - create IPUIPlugin
2023-10-06 12:42:26,364 [INFO] IPUIPlugin:80 - create IPUIPlugin
2023-10-06 12:42:26,364 [INFO] IPUIPlugin:80 - create IPUIPlugin
2023-10-06 12:42:26,365 [INFO] IPUIPlugin:80 - create IPUIPlugin
2023-10-06 12:42:26,365 [INFO] IPUIPlugin:80 - create IPUIPlugin
2023-10-06 12:42:26,365 [INFO] IPUIPlugin:80 - create IPUIPlugin
2023-10-06 12:42:26,365 [INFO] IPUIPlugin:80 - create IPUIPlugin
2023-10-06 12:42:26,366 [INFO] IPUIPlugin:80 - create IPUIPlugin
2023-10-06 12:42:26,366 [INFO] IPUIPlugin:80 - create IPUIPlugin
2023-10-06 12:42:26,366 [INFO] IPUIPlugin:80 - create IPUIPlugin
2023-10-06 12:42:26,367 [INFO] IPUIPlugin:80 - create IPUIPlugin
2023-10-06 12:42:26,367 [INFO] IPUIPlugin:80 - create IPUIPlugin
2023-10-06 12:42:26,367 [INFO] IPUIPlugin:80 - create IPUIPlugin
2023-10-06 12:42:26,368 [INFO] IPUIPlugin:80 - create IPUIPlugin
2023-10-06 12:42:26,368 [INFO] IPUIPlugin:80 - create IPUIPlugin
2023-10-06 12:42:26,369 [INFO] IPUIPlugin:80 - create IPUIPlugin
2023-10-06 12:42:26,369 [INFO] IPUIPlugin:80 - create IPUIPlugin
2023-10-06 12:42:26,369 [INFO] IPUIPlugin:80 - create IPUIPlugin
2023-10-06 12:42:26,370 [INFO] IPUIPlugin:80 - create IPUIPlugin
2023-10-06 12:42:26,378 [INFO] ApiDbMcu:507 - Load IP Config File for PDM2PCM
2023-10-06 12:42:26,410 [WARN] FreeRTOS:1023 - Null or empty value: should not occur! (nothing added to the table)
2023-10-06 12:42:26,563 [INFO] CADModel:165 - CPN selected for project levelSTM32F401CCU6
2023-10-06 12:42:26,563 [INFO] CADModel:114 - Register for checkConnection events
2023-10-06 12:42:26,565 [INFO] RtosManager:697 - Active RTOS found at IOC load: FREERTOS [Cortex-M4NS]
2023-10-06 12:42:26,608 [INFO] OpenFileManager:328 - Restore cursor
2023-10-06 10:33:03,947 [ERROR] LogOutputStream:75 - [STDERR_REDIRECT] 
