2023-10-10 12:53:32,848 [INFO] Activator:176 - 


2023-10-10 12:53:32,853 [INFO] Activator:177 - !SESSION log4j initialized
2023-10-10 12:53:37,061 [INFO] LogOutputStream:77 - [STDOUT_REDIRECT] 
2023-10-10 12:53:38,914 [INFO] ApplicationProperties:184 - Using Application install path: /opt/st/stm32cubeide_1.13.1/plugins/com.st.stm32cube.common.mx_6.9.1.202307191849
2023-10-10 12:53:38,933 [INFO] DbMcusXml:78 - Set database path to: /opt/st/stm32cubeide_1.13.1/plugins/com.st.stm32cube.common.mx_6.9.1.202307191849//db//mcu/
2023-10-10 12:53:38,933 [INFO] ApiDb:274 - Set plugin database path to: /opt/st/stm32cubeide_1.13.1/plugins/com.st.stm32cube.common.mx_6.9.1.202307191849//db//plugins/boardmanager/
2023-10-10 12:53:38,934 [WARN] ApiDb:259 - Overriding images path with different value:  => /opt/st/stm32cubeide_1.13.1/plugins/com.st.stm32cube.common.mx_6.9.1.202307191849//db//plugins/mcufinder/images/
2023-10-10 12:53:38,947 [INFO] ApiDb:250 - Set database path to: /home/emirhan/.stmcufinder/plugins/mcufinder//mcu/
2023-10-10 12:53:38,949 [INFO] DbMcusAds:125 - Set database path to: /home/emirhan/.stmcufinder/plugins/mcufinder//mcu/
2023-10-10 12:53:38,952 [INFO] CrossReferenceDbSqlite:203 - Set database path to: /home/emirhan/.stmcufinder/plugins/mcufinder//mcu/cs/
2023-10-10 12:53:39,069 [INFO] RulesReader:64 - Compatibility file has been processed (293 Rules)
2023-10-10 12:53:39,139 [INFO] DbMcusXml:78 - Set database path to: /opt/st/stm32cubeide_1.13.1/plugins/com.st.stm32cube.common.mx_6.9.1.202307191849//db//mcu/
2023-10-10 12:53:39,139 [INFO] ApiDb:274 - Set plugin database path to: /opt/st/stm32cubeide_1.13.1/plugins/com.st.stm32cube.common.mx_6.9.1.202307191849//db//plugins/boardmanager/
2023-10-10 12:53:39,139 [INFO] ApiDb:261 - Set plugin images path to: /opt/st/stm32cubeide_1.13.1/plugins/com.st.stm32cube.common.mx_6.9.1.202307191849//db//plugins/mcufinder/images/
2023-10-10 12:53:39,139 [WARN] DbFile:41 - Overriding database path with different value: /home/emirhan/.stmcufinder/plugins/mcufinder/ => /home/emirhan/.stmcufinder/plugins/mcufinder
2023-10-10 12:53:39,140 [INFO] ApiDb:250 - Set database path to: /home/emirhan/.stmcufinder/plugins/mcufinder//mcu/
2023-10-10 12:53:39,140 [WARN] DbFile:41 - Overriding database path with different value: /home/emirhan/.stmcufinder/plugins/mcufinder/ => /home/emirhan/.stmcufinder/plugins/mcufinder
2023-10-10 12:53:39,140 [INFO] DbMcusAds:125 - Set database path to: /home/emirhan/.stmcufinder/plugins/mcufinder//mcu/
2023-10-10 12:53:39,140 [WARN] DbFile:41 - Overriding database path with different value: /home/emirhan/.stmcufinder/plugins/mcufinder/ => /home/emirhan/.stmcufinder/plugins/mcufinder
2023-10-10 12:53:39,140 [WARN] DbFile:41 - Overriding database path with different value: /home/emirhan/.stmcufinder/plugins/mcufinder/ => /home/emirhan/.stmcufinder/plugins/mcufinder
2023-10-10 12:53:39,140 [INFO] CrossReferenceDbSqlite:203 - Set database path to: /home/emirhan/.stmcufinder/plugins/mcufinder//mcu/cs/
2023-10-10 12:53:39,226 [INFO] MainPanel:262 - HeapMemory: 268435456
2023-10-10 12:53:39,310 [INFO] DbMcusXml:78 - Set database path to: /opt/st/stm32cubeide_1.13.1/plugins/com.st.stm32cube.common.mx_6.9.1.202307191849//db//mcu/
2023-10-10 12:53:39,310 [INFO] ApiDb:274 - Set plugin database path to: /opt/st/stm32cubeide_1.13.1/plugins/com.st.stm32cube.common.mx_6.9.1.202307191849//db//plugins/boardmanager/
2023-10-10 12:53:39,310 [INFO] ApiDb:261 - Set plugin images path to: /opt/st/stm32cubeide_1.13.1/plugins/com.st.stm32cube.common.mx_6.9.1.202307191849//db//plugins/mcufinder/images/
2023-10-10 12:53:39,311 [WARN] DbFile:41 - Overriding database path with different value: /home/emirhan/.stmcufinder/plugins/mcufinder/ => /home/emirhan/.stmcufinder/plugins/mcufinder
2023-10-10 12:53:39,311 [INFO] ApiDb:250 - Set database path to: /home/emirhan/.stmcufinder/plugins/mcufinder//mcu/
2023-10-10 12:53:39,311 [WARN] DbFile:41 - Overriding database path with different value: /home/emirhan/.stmcufinder/plugins/mcufinder/ => /home/emirhan/.stmcufinder/plugins/mcufinder
2023-10-10 12:53:39,311 [INFO] DbMcusAds:125 - Set database path to: /home/emirhan/.stmcufinder/plugins/mcufinder//mcu/
2023-10-10 12:53:39,311 [WARN] DbFile:41 - Overriding database path with different value: /home/emirhan/.stmcufinder/plugins/mcufinder/ => /home/emirhan/.stmcufinder/plugins/mcufinder
2023-10-10 12:53:39,311 [WARN] DbFile:41 - Overriding database path with different value: /home/emirhan/.stmcufinder/plugins/mcufinder/ => /home/emirhan/.stmcufinder/plugins/mcufinder
2023-10-10 12:53:39,311 [INFO] CrossReferenceDbSqlite:203 - Set database path to: /home/emirhan/.stmcufinder/plugins/mcufinder//mcu/cs/
2023-10-10 12:53:39,329 [INFO] ApplicationProperties:184 - Using Application install path: /opt/st/stm32cubeide_1.13.1/plugins/com.st.stm32cube.common.mx_6.9.1.202307191849
2023-10-10 12:53:39,330 [INFO] PluginManage:196 - Search for loadable plugins [exclusion list=, ]
2023-10-10 12:53:39,331 [INFO] PluginManage:310 - Check plugin analytics
2023-10-10 12:53:39,483 [INFO] AnalyticsPlugin:253 - Accepted Software Licenses: 
2023-10-10 12:53:39,484 [INFO] AnalyticsPlugin:255 - Accepted CMSIS Pack Licenses: 
2023-10-10 12:53:39,484 [INFO] AnalyticsPlugin:257 - Accepted Firmware Licenses: FW.F4.1.27.0
2023-10-10 12:53:39,487 [INFO] PluginManage:359 - Loaded plugin analytics (category:tool,tabindex:-1)
2023-10-10 12:53:39,488 [INFO] PluginManage:310 - Check plugin cadmodel
2023-10-10 12:53:39,525 [INFO] CADModel:105 - Init CAD model plugin
2023-10-10 12:53:39,525 [INFO] PluginManage:359 - Loaded plugin cadmodel (category:power,tabindex:5)
2023-10-10 12:53:39,525 [INFO] PluginManage:310 - Check plugin clock
2023-10-10 12:53:39,537 [INFO] PluginManage:359 - Loaded plugin clock (category:base,tabindex:2)
2023-10-10 12:53:39,537 [INFO] PluginManage:310 - Check plugin ddr
2023-10-10 12:53:39,540 [INFO] PluginManage:359 - Loaded plugin ddr (category:tool,tabindex:6)
2023-10-10 12:53:39,540 [INFO] PluginManage:310 - Check plugin filemanager
2023-10-10 12:53:39,679 [INFO] PluginManage:359 - Loaded plugin filemanager (category:base,tabindex:10)
2023-10-10 12:53:39,679 [INFO] PluginManage:310 - Check plugin ipmanager
2023-10-10 12:53:39,685 [INFO] PluginManage:359 - Loaded plugin ipmanager (category:base,tabindex:5)
2023-10-10 12:53:39,685 [INFO] PluginManage:310 - Check plugin lpbam
2023-10-10 12:53:39,695 [INFO] PluginManage:359 - Loaded plugin lpbam (category:base,tabindex:0)
2023-10-10 12:53:39,695 [INFO] PluginManage:310 - Check plugin memorymap
2023-10-10 12:53:39,706 [INFO] PluginManage:359 - Loaded plugin memorymap (category:base,tabindex:4)
2023-10-10 12:53:39,706 [INFO] PluginManage:310 - Check plugin pinoutandconfiguration
2023-10-10 12:53:39,712 [INFO] PluginManage:359 - Loaded plugin pinoutandconfiguration (category:base,tabindex:1)
2023-10-10 12:53:39,712 [INFO] PluginManage:310 - Check plugin pinoutconfig
2023-10-10 12:53:39,796 [WARN] SupportedApi:132 - Cannot load RTOS API schema: s4s-elt-must-match.1: The content of 'definitions' must match (annotation?, (simpleType | complexType)?, (unique | key | keyref)*)). A problem was found starting at: attribute.
2023-10-10 12:53:39,917 [INFO] PluginManage:359 - Loaded plugin pinoutconfig (category:base,tabindex:0)
2023-10-10 12:53:39,917 [INFO] PluginManage:310 - Check plugin power
2023-10-10 12:53:39,929 [INFO] PluginManage:359 - Loaded plugin power (category:power,tabindex:4)
2023-10-10 12:53:39,930 [INFO] PluginManage:310 - Check plugin projectmanager
2023-10-10 12:53:39,942 [INFO] PluginManage:359 - Loaded plugin projectmanager (category:projectmanager,tabindex:3)
2023-10-10 12:53:39,942 [INFO] PluginManage:310 - Check plugin thirdparty
2023-10-10 12:53:40,058 [INFO] PluginManage:359 - Loaded plugin thirdparty (category:base,tabindex:-1)
2023-10-10 12:53:40,058 [WARN] IntegrityCheckThread:84 - waiting for thirdparty lock release [integrity check]
2023-10-10 12:53:40,058 [INFO] PluginManage:310 - Check plugin tools
2023-10-10 12:53:40,058 [INFO] IntegrityCheckThread:86 - entering critical section [integrity check]
2023-10-10 12:53:40,059 [INFO] ThirdPartyUpdaterWithRetryManager:70 - Updater plugin not ready yet. [1/15]
2023-10-10 12:53:40,060 [INFO] PluginManage:359 - Loaded plugin tools (category:base,tabindex:7)
2023-10-10 12:53:40,061 [INFO] PluginManage:310 - Check plugin tutovideos
2023-10-10 12:53:40,216 [INFO] PluginManage:359 - Loaded plugin tutovideos (category:base,tabindex:-1)
2023-10-10 12:53:40,216 [INFO] PluginManage:310 - Check plugin updater
2023-10-10 12:53:40,228 [INFO] PluginManage:359 - Loaded plugin updater (category:base,tabindex:12)
2023-10-10 12:53:40,228 [INFO] PluginManage:310 - Check plugin userauth
2023-10-10 12:53:40,233 [INFO] UserAuth:113 - Init User Auth plugin
2023-10-10 12:53:40,234 [INFO] PluginManage:359 - Loaded plugin userauth (category:base,tabindex:14)
2023-10-10 12:53:40,234 [INFO] PluginManage:283 - PluginManage : Loaded plugins [17]
2023-10-10 12:53:40,415 [INFO] PinOutPanel:1499 - setPackage(No Configuration,No Configuration)
2023-10-10 12:53:40,510 [INFO] CADModel:165 - CPN selected for project level
2023-10-10 12:53:40,510 [INFO] CADModel:114 - Register for checkConnection events
2023-10-10 12:53:40,523 [INFO] IPUIPlugin:80 - create IPUIPlugin
2023-10-10 12:53:40,523 [INFO] PluginManager:220 - loadIPPluginJar : add usbx
2023-10-10 12:53:40,526 [INFO] IPUIPlugin:80 - create IPUIPlugin
2023-10-10 12:53:40,527 [INFO] PluginManager:220 - loadIPPluginJar : add cryp
2023-10-10 12:53:40,528 [INFO] IPUIPlugin:80 - create IPUIPlugin
2023-10-10 12:53:40,528 [INFO] PluginManager:220 - loadIPPluginJar : add ltdc
2023-10-10 12:53:40,530 [INFO] IPUIPlugin:80 - create IPUIPlugin
2023-10-10 12:53:40,530 [INFO] PluginManager:220 - loadIPPluginJar : add tsc
2023-10-10 12:53:40,532 [INFO] IPUIPlugin:80 - create IPUIPlugin
2023-10-10 12:53:40,532 [INFO] PluginManager:220 - loadIPPluginJar : add dma3
2023-10-10 12:53:40,535 [INFO] IPUIPlugin:80 - create IPUIPlugin
2023-10-10 12:53:40,535 [INFO] PluginManager:220 - loadIPPluginJar : add pdm2pcm
2023-10-10 12:53:40,541 [INFO] IPUIPlugin:80 - create IPUIPlugin
2023-10-10 12:53:40,541 [INFO] PluginManager:220 - loadIPPluginJar : add stm32_wpan
2023-10-10 12:53:40,546 [INFO] IPUIPlugin:80 - create IPUIPlugin
2023-10-10 12:53:40,546 [INFO] PluginManager:220 - loadIPPluginJar : add gic
2023-10-10 12:53:40,547 [INFO] IPUIPlugin:80 - create IPUIPlugin
2023-10-10 12:53:40,547 [INFO] PluginManager:220 - loadIPPluginJar : add genericplugin
2023-10-10 12:53:40,549 [INFO] IPUIPlugin:80 - create IPUIPlugin
2023-10-10 12:53:40,550 [INFO] PluginManager:220 - loadIPPluginJar : add i3c
2023-10-10 12:53:40,551 [INFO] IPUIPlugin:80 - create IPUIPlugin
2023-10-10 12:53:40,551 [INFO] PluginManager:220 - loadIPPluginJar : add fatfs
2023-10-10 12:53:40,553 [INFO] IPUIPlugin:80 - create IPUIPlugin
2023-10-10 12:53:40,553 [INFO] PluginManager:220 - loadIPPluginJar : add lorawan
2023-10-10 12:53:40,555 [INFO] IPUIPlugin:80 - create IPUIPlugin
2023-10-10 12:53:40,555 [INFO] PluginManager:220 - loadIPPluginJar : add i2c
2023-10-10 12:53:40,562 [INFO] IPUIPlugin:80 - create IPUIPlugin
2023-10-10 12:53:40,564 [INFO] PluginManager:220 - loadIPPluginJar : add plateformsettings
2023-10-10 12:53:40,570 [INFO] IPUIPlugin:80 - create IPUIPlugin
2023-10-10 12:53:40,570 [INFO] PluginManager:220 - loadIPPluginJar : add freertos
2023-10-10 12:53:40,572 [INFO] IPUIPlugin:80 - create IPUIPlugin
2023-10-10 12:53:40,572 [INFO] PluginManager:220 - loadIPPluginJar : add hash
2023-10-10 12:53:40,575 [INFO] IPUIPlugin:80 - create IPUIPlugin
2023-10-10 12:53:40,575 [INFO] PluginManager:220 - loadIPPluginJar : add sai
2023-10-10 12:53:40,578 [INFO] IPUIPlugin:80 - create IPUIPlugin
2023-10-10 12:53:40,578 [INFO] PluginManager:220 - loadIPPluginJar : add resmgrutility
2023-10-10 12:53:40,581 [INFO] IPUIPlugin:80 - create IPUIPlugin
2023-10-10 12:53:40,581 [INFO] PluginManager:220 - loadIPPluginJar : add ipddr
2023-10-10 12:53:40,582 [INFO] IPUIPlugin:80 - create IPUIPlugin
2023-10-10 12:53:40,582 [INFO] PluginManager:220 - loadIPPluginJar : add aes
2023-10-10 12:53:40,588 [INFO] IPUIPlugin:80 - create IPUIPlugin
2023-10-10 12:53:40,588 [INFO] PluginManager:220 - loadIPPluginJar : add linkedlist
2023-10-10 12:53:40,593 [INFO] IPUIPlugin:80 - create IPUIPlugin
2023-10-10 12:53:40,593 [INFO] PluginManager:220 - loadIPPluginJar : add gpio
2023-10-10 12:53:40,597 [INFO] IPUIPlugin:80 - create IPUIPlugin
2023-10-10 12:53:40,597 [INFO] PluginManager:220 - loadIPPluginJar : add adc
2023-10-10 12:53:40,599 [INFO] IPUIPlugin:80 - create IPUIPlugin
2023-10-10 12:53:40,599 [INFO] PluginManager:220 - loadIPPluginJar : add tracer_emb
2023-10-10 12:53:40,601 [INFO] IPUIPlugin:80 - create IPUIPlugin
2023-10-10 12:53:40,601 [INFO] PluginManager:220 - loadIPPluginJar : add can
2023-10-10 12:53:40,603 [INFO] IPUIPlugin:80 - create IPUIPlugin
2023-10-10 12:53:40,603 [INFO] PluginManager:220 - loadIPPluginJar : add gfxmmu
2023-10-10 12:53:40,606 [INFO] IPUIPlugin:80 - create IPUIPlugin
2023-10-10 12:53:40,606 [INFO] PluginManager:220 - loadIPPluginJar : add nvic
2023-10-10 12:53:40,607 [INFO] IPUIPlugin:80 - create IPUIPlugin
2023-10-10 12:53:40,607 [INFO] PluginManager:220 - loadIPPluginJar : add comp
2023-10-10 12:53:40,609 [INFO] IPUIPlugin:80 - create IPUIPlugin
2023-10-10 12:53:40,609 [INFO] PluginManager:220 - loadIPPluginJar : add dfsdm
2023-10-10 12:53:40,615 [INFO] IPUIPlugin:80 - create IPUIPlugin
2023-10-10 12:53:40,615 [INFO] PluginManager:220 - loadIPPluginJar : add dma
2023-10-10 12:53:40,616 [INFO] IPUIPlugin:80 - create IPUIPlugin
2023-10-10 12:53:40,616 [INFO] PluginManager:220 - loadIPPluginJar : add ts
2023-10-10 12:53:40,621 [INFO] IPUIPlugin:80 - create IPUIPlugin
2023-10-10 12:53:40,621 [INFO] PluginManager:220 - loadIPPluginJar : add mdma
2023-10-10 12:53:40,623 [INFO] IPUIPlugin:80 - create IPUIPlugin
2023-10-10 12:53:40,623 [INFO] PluginManager:220 - loadIPPluginJar : add opamp
2023-10-10 12:53:40,625 [INFO] IPUIPlugin:80 - create IPUIPlugin
2023-10-10 12:53:40,625 [INFO] PluginManager:220 - loadIPPluginJar : add i2s
2023-10-10 12:53:40,626 [INFO] IPUIPlugin:80 - create IPUIPlugin
2023-10-10 12:53:40,627 [INFO] PluginManager:220 - loadIPPluginJar : add quadspi
2023-10-10 12:53:40,629 [INFO] IPUIPlugin:80 - create IPUIPlugin
2023-10-10 12:53:40,629 [INFO] PluginManager:220 - loadIPPluginJar : add touchsensing
2023-10-10 12:53:40,631 [INFO] IPUIPlugin:80 - create IPUIPlugin
2023-10-10 12:53:40,632 [INFO] PluginManager:220 - loadIPPluginJar : add openamp
2023-10-10 12:53:40,633 [INFO] IPUIPlugin:80 - create IPUIPlugin
2023-10-10 12:53:40,633 [INFO] PluginManager:220 - loadIPPluginJar : add tim
2023-10-10 12:53:40,635 [INFO] IPUIPlugin:80 - create IPUIPlugin
2023-10-10 12:53:40,635 [INFO] PluginManager:220 - loadIPPluginJar : add spi
2023-10-10 12:53:40,636 [INFO] IPUIPlugin:80 - create IPUIPlugin
2023-10-10 12:53:40,636 [INFO] PluginManager:220 - loadIPPluginJar : add ucpd
2023-10-10 12:53:40,638 [INFO] IPUIPlugin:80 - create IPUIPlugin
2023-10-10 12:53:40,638 [INFO] PluginManager:220 - loadIPPluginJar : add gtzc
2023-10-10 12:53:40,640 [INFO] IPUIPlugin:80 - create IPUIPlugin
2023-10-10 12:53:40,640 [INFO] PluginManager:220 - loadIPPluginJar : add usart
2023-10-10 12:53:40,644 [INFO] IPUIPlugin:80 - create IPUIPlugin
2023-10-10 12:53:40,644 [INFO] PluginManager:220 - loadIPPluginJar : add fmc
2023-10-10 12:53:40,748 [INFO] CADModel:165 - CPN selected for project level
2023-10-10 12:53:40,748 [INFO] CADModel:114 - Register for checkConnection events
2023-10-10 12:53:40,749 [FATAL] Updater:308 - Updater called before beeing initialized
2023-10-10 12:53:40,749 [ERROR] CADModel:125 - Updater not yet initialized, retry later 
2023-10-10 12:53:40,901 [INFO] CADModel:165 - CPN selected for project level
2023-10-10 12:53:40,901 [INFO] CADModel:114 - Register for checkConnection events
2023-10-10 12:53:40,901 [FATAL] Updater:308 - Updater called before beeing initialized
2023-10-10 12:53:40,901 [ERROR] CADModel:125 - Updater not yet initialized, retry later 
2023-10-10 12:53:40,904 [FATAL] Updater:308 - Updater called before beeing initialized
2023-10-10 12:53:40,999 [FATAL] Updater:308 - Updater called before beeing initialized
2023-10-10 12:53:41,006 [INFO] DbMcusAds:53 - JSON generation date=Tue Mar 07 11:50:55 TRT 2023 (1678179055335)
2023-10-10 12:53:41,006 [FATAL] Updater:308 - Updater called before beeing initialized
2023-10-10 12:53:41,050 [WARN] DetailPanel:346 - Failed to get advertising image, set to default
2023-10-10 12:53:41,134 [FATAL] Updater:308 - Updater called before beeing initialized
2023-10-10 12:53:41,136 [FATAL] Updater:308 - Updater called before beeing initialized
2023-10-10 12:53:41,136 [FATAL] Updater:308 - Updater called before beeing initialized
2023-10-10 12:53:41,136 [WARN] DetailPanel:346 - Failed to get advertising image, set to default
2023-10-10 12:53:41,137 [FATAL] Updater:308 - Updater called before beeing initialized
2023-10-10 12:53:41,169 [ERROR] Updater:1120 - MainUpdater not yet initialized. External WinMGr cannot be set.
2023-10-10 12:53:41,171 [INFO] Updater:1056 - Updater Version found : 6.9.1
2023-10-10 12:53:41,187 [INFO] ApplicationProperties:184 - Using Application install path: /opt/st/stm32cubeide_1.13.1/plugins/com.st.stm32cube.common.mx_6.9.1.202307191849
2023-10-10 12:53:42,081 [INFO] MainUpdater:2868 - connection check result : 10
2023-10-10 12:53:42,082 [INFO] MainUpdater:3562 - Updater definition file requires update
2023-10-10 12:53:42,083 [INFO] MainUpdater:285 - Updater Check For Update Now.
2023-10-10 12:53:42,083 [INFO] MicroXplorer:498 - Change Database Version : DB.6.0.91
2023-10-10 12:53:42,095 [INFO] McuFinderGlobals:63 - Set McuFinder mode to 2 (CubeIDE integrated)
2023-10-10 12:53:42,095 [INFO] UserAuth:179 - activating auth plugin
2023-10-10 12:53:42,101 [INFO] UserAuth:393 - Internet connection configuration mode: 1
2023-10-10 12:53:42,127 [INFO] JxBrowserEngine:151 - Initiate JxBrowser Engine with user profile folder
2023-10-10 12:53:42,285 [INFO] ServerAccessManage:473 - Download File updaters.zip
2023-10-10 12:53:42,891 [INFO] FileExtend:240 - Unzip File : updaters.zip
2023-10-10 12:53:42,891 [INFO] FileExtend:255 - Standard Zip Deflate
2023-10-10 12:53:43,059 [WARN] MainUpdater:1189 - Updater busy. Cannot search thirdparties
2023-10-10 12:53:43,059 [INFO] ThirdPartyUpdaterWithRetryManager:96 - Updater plugin is busy. [1/15]
2023-10-10 12:53:43,204 [INFO] ServerAccessManage:473 - Download File PacksControlFlags.xml
2023-10-10 12:53:43,442 [INFO] WebApp:157 - Instantiating new browser for Auth
2023-10-10 12:53:43,714 [INFO] ServerAccessManage:473 - Download File cubemx.pidx
2023-10-10 12:53:44,308 [INFO] WebApp:753 - Register for checkConnection events
2023-10-10 12:53:44,309 [INFO] WebApp:390 - Apply proxy settings
2023-10-10 12:53:44,309 [INFO] WebApp:475 - Chromium requires no authentication
2023-10-10 12:53:44,318 [INFO] WebApp:418 - Direct internet connection detected
2023-10-10 12:53:44,533 [INFO] WebApp:188 - Starting web application
2023-10-10 12:53:44,533 [INFO] WebApp:520 - Web application path used /opt/st/stm32cubeide_1.13.1/plugins/com.st.stm32cube.common.mx_6.9.1.202307191849/db/plugins/mcufinder/reactClient1/index.html
2023-10-10 12:53:45,827 [ERROR] ServerAccessManage:1096 - Problem, Http access forbiden
2023-10-10 12:53:45,829 [ERROR] ServerAccessManage:651 - Problem, Http access forbiden : RoweBots.I-CUBE-UNISONRTOS.pdsc.
2023-10-10 12:53:46,060 [WARN] MainUpdater:1189 - Updater busy. Cannot search thirdparties
2023-10-10 12:53:46,060 [INFO] ThirdPartyUpdaterWithRetryManager:96 - Updater plugin is busy. [2/15]
2023-10-10 12:53:48,117 [INFO] ServerAccessManage:473 - Download File Infineon.AIROC-Wi-Fi-Bluetooth-STM32.pdsc
2023-10-10 12:53:49,061 [WARN] MainUpdater:1189 - Updater busy. Cannot search thirdparties
2023-10-10 12:53:49,061 [INFO] ThirdPartyUpdaterWithRetryManager:96 - Updater plugin is busy. [3/15]
2023-10-10 12:53:50,712 [WARN] PackLoader:240 - Cannot read IP mode file for Infineon.AIROC-Wi-Fi-Bluetooth-STM32.1.5.1
2023-10-10 12:53:50,724 [INFO] PopulateThirdPartyThread:66 - Ending populate Thread
2023-10-10 12:53:50,726 [INFO] ThirdParty:1030 - CMSIS Pack Vendor :Infineon AIROC-Wi-Fi-Bluetooth-STM32 1.5.1
2023-10-10 12:53:50,726 [INFO] LoadServerUpdatesThread:373 - End of LoadServerUpdate Thread
2023-10-10 12:53:50,823 [INFO] CheckServerUpdateThread:120 - End of CheckServer Thread
2023-10-10 12:53:52,173 [WARN] PackLoader:240 - Cannot read IP mode file for STMicroelectronics.X-CUBE-SMBUS.2.1.0
2023-10-10 12:53:52,192 [WARN] PackLoader:240 - Cannot read IP mode file for STMicroelectronics.X-CUBE-AZRTOS-F7.1.1.0
2023-10-10 12:53:52,200 [WARN] PackLoader:240 - Cannot read IP mode file for STMicroelectronics.FP-SNS-MOTENV1.4.3.2
2023-10-10 12:53:52,205 [WARN] PackLoader:240 - Cannot read IP mode file for STMicroelectronics.FP-SNS-FLIGHT1.5.0.2
2023-10-10 12:53:52,212 [WARN] PackLoader:240 - Cannot read IP mode file for STMicroelectronics.X-CUBE-DISPLAY.3.0.0
2023-10-10 12:53:52,222 [WARN] PackLoader:240 - Cannot read IP mode file for STMicroelectronics.X-CUBE-BLE1.7.0.0
2023-10-10 12:53:52,227 [WARN] PackLoader:240 - Cannot read IP mode file for emotas.I-CUBE-CANOPEN.1.3.0
2023-10-10 12:53:52,230 [WARN] PackLoader:240 - Cannot read IP mode file for STMicroelectronics.X-CUBE-TOUCHGFX.4.22.0
2023-10-10 12:53:52,232 [WARN] PackLoader:240 - Cannot read IP mode file for STMicroelectronics.X-CUBE-TOUCHGFX.4.22.1
2023-10-10 12:53:52,235 [WARN] PackLoader:240 - Cannot read IP mode file for STMicroelectronics.FP-SNS-SMARTAG2.1.2.0
2023-10-10 12:53:52,244 [INFO] LogOutputStream:77 - [STDOUT_REDIRECT] 1 : Invalid condition id : UX_CORESTACK_Condition cause : null
2023-10-10 12:53:52,244 [INFO] LogOutputStream:77 - [STDOUT_REDIRECT] 1 : Invalid condition id : UX_CORESTACK_Condition cause : null
2023-10-10 12:53:52,245 [INFO] LogOutputStream:77 - [STDOUT_REDIRECT] 1 : Invalid condition id : UX_CORESTACK_Condition cause : null
2023-10-10 12:53:52,245 [INFO] LogOutputStream:77 - [STDOUT_REDIRECT] 1 : Invalid condition id : UX_CORESTACK_Condition cause : null
2023-10-10 12:53:52,245 [INFO] LogOutputStream:77 - [STDOUT_REDIRECT] 1 : Invalid condition id : UX_CORESTACK_Condition cause : null
2023-10-10 12:53:52,249 [WARN] PackLoader:240 - Cannot read IP mode file for STMicroelectronics.X-CUBE-AZRTOS-WL.2.0.0
2023-10-10 12:53:52,255 [WARN] PackLoader:240 - Cannot read IP mode file for WES.I-CUBE-Cesium.1.3.0
2023-10-10 12:53:52,258 [WARN] PackLoader:240 - Cannot read IP mode file for STMicroelectronics.X-CUBE-BLE2.3.3.0
2023-10-10 12:53:52,265 [WARN] PackLoader:240 - Cannot read IP mode file for STMicroelectronics.X-CUBE-ALGOBUILD.1.3.0
2023-10-10 12:53:52,282 [WARN] PackLoader:240 - Cannot read IP mode file for STMicroelectronics.X-CUBE-AZRTOS-G0.1.1.0
2023-10-10 12:53:52,289 [WARN] PackLoader:240 - Cannot read IP mode file for STMicroelectronics.X-CUBE-NFC4.3.0.0
2023-10-10 12:53:52,294 [WARN] PackLoader:240 - Cannot read IP mode file for STMicroelectronics.FP-ATR-SIGFOX1.3.2.0
2023-10-10 12:53:52,328 [WARN] PackLoader:240 - Cannot read IP mode file for SEGGER.I-CUBE-embOS.1.3.1
2023-10-10 12:53:52,375 [WARN] PackLoader:240 - Cannot read IP mode file for STMicroelectronics.X-CUBE-GNSS1.6.0.0
2023-10-10 12:53:52,391 [WARN] PackLoader:240 - Cannot read IP mode file for STMicroelectronics.X-CUBE-AZRTOS-F4.1.1.0
2023-10-10 12:53:52,397 [WARN] PackLoader:240 - Cannot read IP mode file for wolfSSL.I-CUBE-wolfSSL.5.6.3
2023-10-10 12:53:52,413 [WARN] PackLoader:240 - Cannot read IP mode file for STMicroelectronics.X-CUBE-AZRTOS-L5.2.0.0
2023-10-10 12:53:52,455 [WARN] PackLoader:240 - Cannot read IP mode file for STMicroelectronics.X-CUBE-MEMS1.9.6.0
2023-10-10 12:53:52,681 [WARN] PackLoader:240 - Cannot read IP mode file for ITTIA_DB.I-CUBE-ITTIADB.8.8.0
2023-10-10 12:53:52,688 [WARN] PackLoader:240 - Cannot read IP mode file for STMicroelectronics.X-CUBE-BLEMGR.2.0.0
2023-10-10 12:53:52,709 [WARN] ConditionMgr:438 - getConditionDescription Invalid condition id : UX DEVICE CLASS RTOS Condition cause : null
2023-10-10 12:53:52,709 [WARN] ConditionMgr:438 - getConditionDescription Invalid condition id : UX DEVICE CLASS RTOS Condition cause : null
2023-10-10 12:53:52,715 [WARN] PackLoader:240 - Cannot read IP mode file for STMicroelectronics.X-CUBE-AZRTOS-H7.3.1.0
2023-10-10 12:53:52,717 [WARN] ConditionMgr:1039 - genDependencies : Invalid condition id : UX DEVICE CLASS RTOS Condition cause : null
2023-10-10 12:53:52,717 [WARN] ConditionMgr:1039 - genDependencies : Invalid condition id : UX DEVICE CLASS RTOS Condition cause : null
2023-10-10 12:53:52,718 [WARN] ConditionMgr:1039 - genDependencies : Invalid condition id : UX DEVICE CLASS RTOS Condition cause : null
2023-10-10 12:53:52,718 [WARN] ConditionMgr:1039 - genDependencies : Invalid condition id : UX DEVICE CLASS RTOS Condition cause : null
2023-10-10 12:53:52,719 [WARN] ConditionMgr:1039 - genDependencies : Invalid condition id : UX DEVICE CLASS RTOS Condition cause : null
2023-10-10 12:53:52,725 [WARN] PackLoader:240 - Cannot read IP mode file for STMicroelectronics.X-CUBE-NFC7.1.0.1
2023-10-10 12:53:52,736 [WARN] PackLoader:240 - Cannot read IP mode file for STMicroelectronics.X-CUBE-NFC6.3.0.0
2023-10-10 12:53:52,746 [WARN] PackLoader:240 - Cannot read IP mode file for STMicroelectronics.X-CUBE-EEPRMA1.4.1.0
2023-10-10 12:53:52,751 [WARN] PackLoader:240 - Cannot read IP mode file for STMicroelectronics.X-CUBE-AI.8.1.0
2023-10-10 12:53:52,775 [WARN] ConditionMgr:438 - getConditionDescription Invalid condition id : LAN8742 Phy interface Condition cause : null
2023-10-10 12:53:52,776 [WARN] PackLoader:240 - Cannot read IP mode file for STMicroelectronics.X-CUBE-AZRTOS-L4.2.0.0
2023-10-10 12:53:52,777 [WARN] ConditionMgr:1039 - genDependencies : Invalid condition id : LAN8742 Phy interface Condition cause : null
2023-10-10 12:53:52,778 [WARN] ConditionMgr:1039 - genDependencies : Invalid condition id : LAN8742 Phy interface Condition cause : null
2023-10-10 12:53:52,779 [WARN] ConditionMgr:1039 - genDependencies : Invalid condition id : LAN8742 Phy interface Condition cause : null
2023-10-10 12:53:52,788 [WARN] PackLoader:240 - Cannot read IP mode file for STMicroelectronics.X-CUBE-SFXS2LP1.4.0.0
2023-10-10 12:53:52,794 [WARN] PackLoader:240 - Cannot read IP mode file for STMicroelectronics.X-CUBE-ISPU.1.1.0
2023-10-10 12:53:52,812 [WARN] ConditionMgr:438 - getConditionDescription Invalid condition id : UX DEVICE CLASS RTOS Condition cause : null
2023-10-10 12:53:52,812 [WARN] ConditionMgr:438 - getConditionDescription Invalid condition id : UX DEVICE CLASS RTOS Condition cause : null
2023-10-10 12:53:52,816 [WARN] PackLoader:240 - Cannot read IP mode file for STMicroelectronics.X-CUBE-AZRTOS-WB.2.0.0
2023-10-10 12:53:52,817 [WARN] ConditionMgr:1039 - genDependencies : Invalid condition id : UX DEVICE CLASS RTOS Condition cause : null
2023-10-10 12:53:52,817 [WARN] ConditionMgr:1039 - genDependencies : Invalid condition id : UX DEVICE CLASS RTOS Condition cause : null
2023-10-10 12:53:52,817 [WARN] ConditionMgr:1039 - genDependencies : Invalid condition id : UX DEVICE CLASS RTOS Condition cause : null
2023-10-10 12:53:52,818 [WARN] ConditionMgr:1039 - genDependencies : Invalid condition id : UX DEVICE CLASS RTOS Condition cause : null
2023-10-10 12:53:52,818 [WARN] ConditionMgr:1039 - genDependencies : Invalid condition id : UX DEVICE CLASS RTOS Condition cause : null
2023-10-10 12:53:52,832 [WARN] PackLoader:240 - Cannot read IP mode file for STMicroelectronics.X-CUBE-SUBG2.5.0.0
2023-10-10 12:53:52,850 [WARN] PackLoader:240 - Cannot read IP mode file for STMicroelectronics.X-CUBE-TOF1.3.3.1
2023-10-10 12:53:52,879 [WARN] PackLoader:240 - Cannot read IP mode file for STMicroelectronics.X-CUBE-AZRTOS-G4.2.0.0
2023-10-10 12:53:52,897 [WARN] PackLoader:240 - Cannot read IP mode file for Infineon.AIROC-Wi-Fi-Bluetooth-STM32.1.5.1
2023-10-10 12:53:52,907 [WARN] PackLoader:240 - Cannot read IP mode file for STMicroelectronics.X-CUBE-FREERTOS.1.1.0
2023-10-10 12:53:52,913 [WARN] PackLoader:240 - Cannot read IP mode file for portGmbH.I-Cube-SoM-uGOAL.1.1.0
2023-10-10 12:53:52,917 [WARN] PackLoader:240 - Cannot read IP mode file for STMicroelectronics.X-CUBE-ALS.1.0.1
2023-10-10 12:53:52,921 [WARN] PackLoader:240 - Cannot read IP mode file for STMicroelectronics.FP-ATR-ASTRA1.2.0.0
2023-10-10 12:53:52,922 [INFO] ThirdParty:978 - Integrity check success = true
2023-10-10 12:53:52,922 [INFO] IntegrityCheckThread:100 - exiting critical section [integrity check]
2023-10-10 12:53:52,922 [INFO] IntegrityCheckThread:103 - End integrity checks thread
2023-10-10 12:54:05,144 [ERROR] LogOutputStream:75 - [STDERR_REDIRECT] SLF4J: Failed to load class "org.slf4j.impl.StaticLoggerBinder".
2023-10-10 12:54:05,145 [ERROR] LogOutputStream:75 - [STDERR_REDIRECT] SLF4J: Defaulting to no-operation (NOP) logger implementation
2023-10-10 12:54:05,145 [ERROR] LogOutputStream:75 - [STDERR_REDIRECT] SLF4J: See http://www.slf4j.org/codes.html#StaticLoggerBinder for further details.
2023-10-10 14:07:42,564 [INFO] McuFinderGlobals:63 - Set McuFinder mode to 2 (CubeIDE integrated)
2023-10-10 14:07:42,567 [INFO] MainUpdater:2868 - connection check result : 10
2023-10-10 14:07:42,568 [INFO] MainUpdater:2868 - connection check result : 10
2023-10-10 14:07:42,593 [INFO] MicroXplorer:468 - Change Database Path : 
2023-10-10 14:07:42,593 [INFO] MicroXplorer:498 - Change Database Version : DB.6.0.91
2023-10-10 14:07:42,596 [WARN] ThirdParty:871 - waiting for thirdparty lock release [close project]
2023-10-10 14:07:42,596 [INFO] ThirdParty:873 - entering critical section [close project]
2023-10-10 14:07:42,598 [INFO] ThirdParty:883 - exiting critical section [close project]
2023-10-10 14:07:42,600 [INFO] PinOutPanel:1499 - setPackage(No Configuration,No Configuration)
2023-10-10 14:07:42,607 [INFO] UtilMem:75 - Begin LoadConfig() Used Memory: 350408192 Bytes (482344960)
2023-10-10 14:07:42,610 [INFO] MicroXplorer:468 - Change Database Path : 
2023-10-10 14:07:42,610 [INFO] MicroXplorer:498 - Change Database Version : DB.6.0.91
2023-10-10 14:07:42,610 [INFO] OpenFileManager:308 - Change cursor
2023-10-10 14:07:42,646 [INFO] Mcu:1946 - Initializing MCU STM32F407V(E-G)Tx STM32F407VGTx STM32F407VGT6
2023-10-10 14:07:43,753 [INFO] Context:659 - Trying to add GPIOservice into a context  which must be forbidden
2023-10-10 14:07:44,364 [INFO] RtosManager:555 - Registered RTOS mode: class=CMSIS, group=RTOS, mode=CMSIS_V1, owner=FREERTOS
2023-10-10 14:07:44,364 [INFO] RtosManager:555 - Registered RTOS mode: class=CMSIS, group=RTOS2, mode=CMSIS_V2, owner=FREERTOS
2023-10-10 14:07:44,365 [INFO] RtosManager:555 - Registered RTOS mode: class=RTOS, group=Core, mode=CMSIS_V1, owner=FREERTOS
2023-10-10 14:07:44,365 [INFO] RtosManager:555 - Registered RTOS mode: class=RTOS, group=Core, mode=CMSIS_V2, owner=FREERTOS
2023-10-10 14:07:44,365 [WARN] ModelIntegratedComponent:184 - Missing modes for component STMicroelectronics:FreeRTOS:0.0.1:STMicroelectronics:RTOS:FreeRTOS:Core:::10.2.0:
2023-10-10 14:07:44,381 [WARN] ModelIntegratedComponent:63 - No mode defined for component null
2023-10-10 14:07:44,381 [WARN] ModelIntegratedComponent:63 - No mode defined for component null
2023-10-10 14:07:44,381 [WARN] ModelIntegratedComponent:63 - No mode defined for component null
2023-10-10 14:07:44,381 [WARN] ModelIntegratedComponent:63 - No mode defined for component null
2023-10-10 14:07:44,381 [WARN] ModelIntegratedComponent:63 - No mode defined for component null
2023-10-10 14:07:44,381 [WARN] ModelIntegratedComponent:63 - No mode defined for component null
2023-10-10 14:07:44,381 [WARN] ModelIntegratedComponent:63 - No mode defined for component null
2023-10-10 14:07:44,382 [WARN] ModelIntegratedComponent:63 - No mode defined for component null
2023-10-10 14:07:44,382 [WARN] ModelIntegratedComponent:63 - No mode defined for component null
2023-10-10 14:07:44,382 [WARN] ModelIntegratedComponent:63 - No mode defined for component null
2023-10-10 14:07:44,382 [WARN] ModelIntegratedComponent:63 - No mode defined for component null
2023-10-10 14:07:44,382 [WARN] ModelIntegratedComponent:63 - No mode defined for component null
2023-10-10 14:07:44,382 [WARN] ModelIntegratedComponent:63 - No mode defined for component null
2023-10-10 14:07:44,382 [WARN] ModelIntegratedComponent:63 - No mode defined for component null
2023-10-10 14:07:44,382 [WARN] ModelIntegratedComponent:63 - No mode defined for component null
2023-10-10 14:07:44,382 [WARN] ModelIntegratedComponent:63 - No mode defined for component null
2023-10-10 14:07:44,382 [WARN] ModelIntegratedComponent:63 - No mode defined for component null
2023-10-10 14:07:44,382 [WARN] ModelIntegratedComponent:63 - No mode defined for component null
2023-10-10 14:07:44,382 [WARN] ModelIntegratedComponent:63 - No mode defined for component null
2023-10-10 14:07:44,382 [WARN] ModelIntegratedComponent:63 - No mode defined for component null
2023-10-10 14:07:44,382 [WARN] ModelIntegratedComponent:63 - No mode defined for component null
2023-10-10 14:07:44,383 [WARN] ModelIntegratedComponent:63 - No mode defined for component null
2023-10-10 14:07:44,383 [WARN] ModelIntegratedComponent:63 - No mode defined for component null
2023-10-10 14:07:44,383 [WARN] ModelIntegratedComponent:63 - No mode defined for component null
2023-10-10 14:07:44,383 [WARN] ModelIntegratedComponent:63 - No mode defined for component null
2023-10-10 14:07:44,383 [WARN] ModelIntegratedComponent:63 - No mode defined for component null
2023-10-10 14:07:44,383 [WARN] ModelIntegratedComponent:63 - No mode defined for component null
2023-10-10 14:07:44,383 [WARN] ModelIntegratedComponent:63 - No mode defined for component null
2023-10-10 14:07:44,383 [WARN] ModelIntegratedComponent:63 - No mode defined for component null
2023-10-10 14:07:44,383 [WARN] ModelIntegratedComponent:63 - No mode defined for component null
2023-10-10 14:07:44,383 [WARN] ModelIntegratedComponent:63 - No mode defined for component null
2023-10-10 14:07:44,383 [WARN] ModelIntegratedComponent:63 - No mode defined for component null
2023-10-10 14:07:44,383 [WARN] ModelIntegratedComponent:63 - No mode defined for component null
2023-10-10 14:07:44,404 [INFO] ThirdPartyModel:298 - Start build external matchings
2023-10-10 14:07:44,708 [INFO] ThirdPartyModel:316 - End build external matchings
2023-10-10 14:07:44,715 [INFO] RtosManager:919 - Current active RTOS is FREERTOS [Cortex-M4NS]
2023-10-10 14:07:44,724 [INFO] ImportTextPane:194 - (OptionalMessage_ERROR) IP (DMA) : Parameter (Instance) has Id (USART2_RX) currently not set
2023-10-10 14:07:44,724 [INFO] ImportTextPane:194 - (OptionalMessage_ERROR) IP (DMA) : Parameter (Channel) has Id (USART2_RX) currently not set
2023-10-10 14:07:44,724 [INFO] ImportTextPane:194 - (OptionalMessage_ERROR) IP (DMA) : Parameter (Direction) has Id (USART2_RX) currently not set
2023-10-10 14:07:44,725 [INFO] ImportTextPane:194 - (OptionalMessage_ERROR) IP (DMA) : Parameter (PeriphInc) has Id (USART2_RX) currently not set
2023-10-10 14:07:44,725 [INFO] ImportTextPane:194 - (OptionalMessage_ERROR) IP (DMA) : Parameter (MemInc) has Id (USART2_RX) currently not set
2023-10-10 14:07:44,725 [INFO] ImportTextPane:194 - (OptionalMessage_ERROR) IP (DMA) : Parameter (PeriphDataAlignment) has Id (USART2_RX) currently not set
2023-10-10 14:07:44,725 [INFO] ImportTextPane:194 - (OptionalMessage_ERROR) IP (DMA) : Parameter (MemDataAlignment) has Id (USART2_RX) currently not set
2023-10-10 14:07:44,725 [INFO] ImportTextPane:194 - (OptionalMessage_ERROR) IP (DMA) : Parameter (Mode) has Id (USART2_RX) currently not set
2023-10-10 14:07:44,725 [INFO] ImportTextPane:194 - (OptionalMessage_ERROR) IP (DMA) : Parameter (Priority) has Id (USART2_RX) currently not set
2023-10-10 14:07:44,725 [INFO] ImportTextPane:194 - (OptionalMessage_ERROR) IP (DMA) : Parameter (FIFOMode) has Id (USART2_RX) currently not set
2023-10-10 14:07:44,726 [INFO] ImportTextPane:194 - (OptionalMessage_ERROR) IP (DMA) : Parameter (Instance) has Id (USART2_TX) currently not set
2023-10-10 14:07:44,726 [INFO] ImportTextPane:194 - (OptionalMessage_ERROR) IP (DMA) : Parameter (Channel) has Id (USART2_TX) currently not set
2023-10-10 14:07:44,726 [INFO] ImportTextPane:194 - (OptionalMessage_ERROR) IP (DMA) : Parameter (Direction) has Id (USART2_TX) currently not set
2023-10-10 14:07:44,726 [INFO] ImportTextPane:194 - (OptionalMessage_ERROR) IP (DMA) : Parameter (PeriphInc) has Id (USART2_TX) currently not set
2023-10-10 14:07:44,726 [INFO] ImportTextPane:194 - (OptionalMessage_ERROR) IP (DMA) : Parameter (MemInc) has Id (USART2_TX) currently not set
2023-10-10 14:07:44,726 [INFO] ImportTextPane:194 - (OptionalMessage_ERROR) IP (DMA) : Parameter (PeriphDataAlignment) has Id (USART2_TX) currently not set
2023-10-10 14:07:44,726 [INFO] ImportTextPane:194 - (OptionalMessage_ERROR) IP (DMA) : Parameter (MemDataAlignment) has Id (USART2_TX) currently not set
2023-10-10 14:07:44,726 [INFO] ImportTextPane:194 - (OptionalMessage_ERROR) IP (DMA) : Parameter (Mode) has Id (USART2_TX) currently not set
2023-10-10 14:07:44,726 [INFO] ImportTextPane:194 - (OptionalMessage_ERROR) IP (DMA) : Parameter (Priority) has Id (USART2_TX) currently not set
2023-10-10 14:07:44,726 [INFO] ImportTextPane:194 - (OptionalMessage_ERROR) IP (DMA) : Parameter (FIFOMode) has Id (USART2_TX) currently not set
2023-10-10 14:07:44,737 [INFO] ImportTextPane:194 - (OptionalMessage_ERROR) IP (RCC) : Parameter (RTCHSEDivFreq_Value) has invalid value (4000000)
2023-10-10 14:07:44,956 [INFO] UtilMem:75 - End LoadConfig() Used Memory: 398181816 Bytes (482344960)
2023-10-10 14:07:45,031 [INFO] ApiDb:581 - Connected to CubeFinder SQLite database (/home/emirhan/.stmcufinder/plugins/mcufinder/mcu/cube-finder-db.db)
2023-10-10 14:07:45,091 [INFO] ApiDb:668 - CubeFinder database Data Model version=2.1
2023-10-10 14:07:45,091 [INFO] ApiDb:669 - CubeFinder database Configuration version=3.0.37
2023-10-10 14:07:45,093 [INFO] ApiDb:670 - CubeFinder database generation date=2023-08-09 (1691586011)
2023-10-10 14:07:45,093 [INFO] ApiDb:671 - CubeFinder database FW Pack versions=[FP-ATR-ASTRA1_V2.0.0, FP-SNS-FLIGHT1_V5.0.1, FP-SNS-FLIGHT1_V5.0.2, FP-SNS-MOTENV1_V4.3.1, FP-SNS-MOTENV1_V4.3.2, STM32Cube_FW_C0_V1.1.0, STM32Cube_FW_F4_V1.27.1, STM32Cube_FW_F7_V1.17.0, STM32Cube_FW_G0_V1.6.1, STM32Cube_FW_G4_V1.5.1, STM32Cube_FW_H5_V0.5.1, STM32Cube_FW_H5_V1.1.0, STM32Cube_FW_H7_V1.11.0, STM32Cube_FW_L0_V1.12.2, STM32Cube_FW_L5_V1.5.0, STM32Cube_FW_U5_V1.3.0, STM32Cube_FW_U5_V1.3.0RC4, STM32Cube_FW_WBA_V1.0.0RC1, STM32Cube_FW_WBA_V1.1.0, STM32Cube_FW_WBA_V1.1.0RC1, STM32Cube_FW_WB_V1.15.0RC1, STM32Cube_FW_WB_V1.16.0, STM32Cube_FW_WB_V1.16.0RC2, STM32Cube_FW_WB_V1.17.0, STM32Cube_FW_WL_V1.3.0, X-CUBE-ALGOBUILD_V1.3.0, X-CUBE-ALS_V1.0.1, X-CUBE-AZRTOS-F4_V1.1.0, X-CUBE-AZRTOS-F7_V1.1.0, X-CUBE-AZRTOS-G0_V1.1.0, X-CUBE-AZRTOS-G4_V2.0.0, X-CUBE-AZRTOS-H7_V3.1.0, X-CUBE-AZRTOS-L4_V1.0.0, X-CUBE-AZRTOS-L4_V2.0.0, X-CUBE-AZRTOS-L5_V1.1.0, X-CUBE-AZRTOS-WB_V1.1.0, X-CUBE-AZRTOS-WL_V2.0.0, X-CUBE-BLE1_V7.0.0, X-CUBE-BLE2_V3.3.0, X-CUBE-BLEMGR_V2.0.0, X-CUBE-EEPRMA1_V4.1.0, X-CUBE-FREERTOS_V1.1.0, X-CUBE-GNSS1_V6.0.0, X-CUBE-MEMS1_V9.1.0, X-CUBE-MEMS1_V9.4.0, X-CUBE-MEMS1_V9.6.0, X-CUBE-NFC4_V3.0.0, X-CUBE-NFC7_V1.0.0, X-CUBE-SFXS2LP1_V4.0.0, X-CUBE-SUBG2_V5.0.0, X-CUBE-TOF1_V3.3.1]
2023-10-10 14:07:46,985 [INFO] ApiDb:240 - Found 323 in-development CPN: [B-G473E-ZEST1S, B-WB1M-WPAN1, B-WL5M-SUBG1, NUCLEO-C031C6, NUCLEO-H503RB, NUCLEO-H563ZI, NUCLEO-U545RE-Q, NUCLEO-U5A5ZJ-Q, NUCLEO-WBA52CG, STEVAL-PROTEUS1, STEVAL-SMARTAG2, STEVAL-STWINBX1, STM320518-EVAL, STM32C0116-DK, STM32C011D6Y3TR, STM32C011D6Y6TR, STM32C011F4P3, STM32C011F4P6, STM32C011F4U3, STM32C011F4U6TR, STM32C011F6P3, STM32C011F6P6, STM32C011F6U3, STM32C011F6U6TR, STM32C011J4M3, STM32C011J4M6, STM32C011J6M3, STM32C011J6M6, STM32C0316-DK, STM32C031C4T3, STM32C031C4T6, STM32C031C4U3, STM32C031C4U6, STM32C031C6T3, STM32C031C6T6, STM32C031C6U3, STM32C031C6U6, STM32C031F4P3, STM32C031F4P6, STM32C031F6P3, STM32C031F6P6, STM32C031G4U3, STM32C031G4U6, STM32C031G6U3, STM32C031G6U6, STM32C031K4T3, STM32C031K4T6, STM32C031K4U3, STM32C031K4U6, STM32C031K6T3, STM32C031K6T6, STM32C031K6U3, STM32C031K6U6, STM32G071K8TXN, STM32G071K8UXN, STM32G081GBU6N, STM32G081KBT6N, STM32G081KBUXN, STM32G0B1CCT6N, STM32G0B1KCT6, STM32G0B1NEY6TR, STM32G0B1RCT6N, STM32G0C1CCT6, STM32G0C1CCT6N, STM32G0C1CCU6N, STM32G0C1CET6N, STM32G0C1CEU6N, STM32G0C1KCT6, STM32G0C1NEY6TR, STM32G0C1RCI6N, STM32G0C1RCT6N, STM32G0C1REI6N, STM32G0C1RET6N, STM32G0C1VCI6, STM32G0C1VEI6, STM32G471CCT6, STM32G471CCU6, STM32G471CET3, STM32G471CET6, STM32G471CEU3, STM32G471CEU6, STM32G471MCT6, STM32G471MET3, STM32G471MET6, STM32G471MEY6TR, STM32G471QCT6, STM32G471QET3, STM32G471RCT6, STM32G471RET3, STM32G471RET6, STM32G471VCH6, STM32G471VCI6, STM32G471VCT6, STM32G471VEH3, STM32G471VEH6, STM32G471VEI3, STM32G471VEI6, STM32G471VET3, STM32G471VET6, STM32G474CCT6, STM32H503CBT6, STM32H503CBU6, STM32H503EBY6TR, STM32H503KBU6, STM32H503RBT6, STM32H562AGI6, STM32H562AII6, STM32H562IGK6, STM32H562IGT6, STM32H562IIK6, STM32H562IIT6, STM32H562RGT6, STM32H562RGV6, STM32H562RIT6, STM32H562RIV6, STM32H562VGT6, STM32H562VIT6, STM32H562ZGT6, STM32H562ZIT6, STM32H563AGI6, STM32H563AII3Q, STM32H563AII6, STM32H563IGK6, STM32H563IGT6, STM32H563IIK3Q, STM32H563IIK6, STM32H563IIT3Q, STM32H563IIT6, STM32H563MIY3QTR, STM32H563RGT6, STM32H563RGV6, STM32H563RIT6, STM32H563RIV6, STM32H563VGT6, STM32H563VIT3Q, STM32H563VIT6, STM32H563ZGT6, STM32H563ZIT3Q, STM32H563ZIT6, STM32H573AII3Q, STM32H573AII6, STM32H573I-DK, STM32H573IIK3Q, STM32H573IIK6, STM32H573IIT3Q, STM32H573IIT6, STM32H573MIY3QTR, STM32H573RIT6, STM32H573RIV6, STM32H573VIT3Q, STM32H573VIT6, STM32H573ZIT3Q, STM32H573ZIT6, STM32L4R5QGI6STR, STM32MP131AAE3, STM32MP131AAF3, STM32MP131AAG3, STM32MP131CAE3, STM32MP131CAF3, STM32MP131CAG3, STM32MP131DAE7, STM32MP131DAF7, STM32MP131DAG7, STM32MP131FAE7, STM32MP131FAF7, STM32MP131FAG7, STM32MP133AAE3, STM32MP133AAF3, STM32MP133AAG3, STM32MP133CAE3, STM32MP133CAF3, STM32MP133CAG3, STM32MP133DAE7, STM32MP133DAF7, STM32MP133DAG7, STM32MP133FAE7, STM32MP133FAF7, STM32MP133FAG7, STM32MP135AAE3, STM32MP135AAF3, STM32MP135AAG3, STM32MP135CAE3, STM32MP135CAF3, STM32MP135CAG3, STM32MP135DAE7, STM32MP135DAF7, STM32MP135DAG7, STM32MP135F-DK, STM32MP135FAE7, STM32MP135FAF7, STM32MP135FAF7T, STM32MP135FAF7U, STM32MP135FAG7, STM32U535CBT6, STM32U535CBT6Q, STM32U535CBU6, STM32U535CBU6Q, STM32U535CCT6, STM32U535CCT6Q, STM32U535CCU6, STM32U535CCU6Q, STM32U535CET6, STM32U535CET6Q, STM32U535CEU6, STM32U535CEU6Q, STM32U535JEY6QTR, STM32U535NCY6QTR, STM32U535NEY6QTR, STM32U535RBI6, STM32U535RBI6Q, STM32U535RBT6, STM32U535RBT6Q, STM32U535RCI6, STM32U535RCI6Q, STM32U535RCT6, STM32U535RCT6Q, STM32U535REI6, STM32U535REI6Q, STM32U535RET6, STM32U535RET6Q, STM32U535VCI6, STM32U535VCI6Q, STM32U535VCT6, STM32U535VCT6Q, STM32U535VEI6, STM32U535VEI6Q, STM32U535VET6, STM32U535VET6Q, STM32U545CET6, STM32U545CET6Q, STM32U545CEU6, STM32U545CEU6Q, STM32U545JEY6QTR, STM32U545NEY6QTR, STM32U545REI6, STM32U545REI6Q, STM32U545RET6, STM32U545RET6Q, STM32U545VEI6, STM32U545VEI6Q, STM32U545VET6, STM32U545VET6Q, STM32U595AIH6, STM32U595AIH6Q, STM32U595AJH6, STM32U595AJH6Q, STM32U595QII6, STM32U595QII6Q, STM32U595QJI6, STM32U595QJI6Q, STM32U595RIT6, STM32U595RIT6Q, STM32U595RJT6, STM32U595RJT6Q, STM32U595VIT6, STM32U595VIT6Q, STM32U595VJT6, STM32U595VJT6Q, STM32U595ZIT6, STM32U595ZIT6Q, STM32U595ZIY6QTR, STM32U595ZJT6, STM32U595ZJT6Q, STM32U595ZJY6QTR, STM32U599BJY6QTR, STM32U599NIH6Q, STM32U599NJH6Q, STM32U599VIT6Q, STM32U599VJT6, STM32U599VJT6Q, STM32U599ZIT6Q, STM32U599ZIY6QTR, STM32U599ZJT6Q, STM32U599ZJY6QTR, STM32U5A5AJH6, STM32U5A5AJH6Q, STM32U5A5QJI6, STM32U5A5QJI6Q, STM32U5A5RJT6, STM32U5A5RJT6Q, STM32U5A5VJT6, STM32U5A5VJT6Q, STM32U5A5ZJT6, STM32U5A5ZJT6Q, STM32U5A5ZJY6QTR, STM32U5A9BJY6QTR, STM32U5A9J-DK, STM32U5A9NJH6Q, STM32U5A9VJT6Q, STM32U5A9ZJT6Q, STM32U5A9ZJY6QTR, STM32U5F7VIT6, STM32U5F7VIT6Q, STM32U5F7VJT6, STM32U5F7VJT6Q, STM32U5F9BJY6QTR, STM32U5F9NJH6Q, STM32U5F9VIT6Q, STM32U5F9VJT6Q, STM32U5F9ZIJ6QTR, STM32U5F9ZIT6Q, STM32U5F9ZJJ6QTR, STM32U5F9ZJT6Q, STM32U5G7VJT6, STM32U5G7VJT6Q, STM32U5G9BJY6QTR, STM32U5G9J-DK1, STM32U5G9J-DK2, STM32U5G9NJH6Q, STM32U5G9VJT6Q, STM32U5G9ZJJ6QTR, STM32U5G9ZJT6Q, STM32WB1MMCH6, STM32WBA52CEU6, STM32WBA52CEU6T, STM32WBA52CGU6, STM32WBA52CGU6T, STM32WBA52KEU6, STM32WBA52KEU6T, STM32WBA52KGU6, STM32WBA52KGU6T, STM32WL5MOCH6, STM32WL5MOCH6TR]
2023-10-10 14:07:46,987 [INFO] DbMcus:217 - Found 3848 MCUs, 3848 are supported
2023-10-10 14:07:46,987 [INFO] ApiDb:423 - Load user favorites file /home/emirhan/.stm32cubeide/favorites.mcus.txt: 0 item(s)
2023-10-10 14:07:46,987 [INFO] ApiDb:427 - User favorites MCUs=[]
2023-10-10 14:07:46,987 [INFO] DbMcus:223 - Set 0 / 0 favorites MCUs
2023-10-10 14:07:47,285 [WARN] ThirdParty:833 - waiting for thirdparty lock release [change project]
2023-10-10 14:07:47,285 [INFO] ThirdParty:835 - entering critical section [change project]
2023-10-10 14:07:47,285 [INFO] ThirdParty:1030 - CMSIS Pack Vendor :STMicroelectronics X-CUBE-ISPU 1.1.0
2023-10-10 14:07:47,285 [INFO] ThirdParty:1030 - CMSIS Pack Vendor :STMicroelectronics USBPD 4.1
2023-10-10 14:07:47,285 [INFO] ThirdParty:1030 - CMSIS Pack Vendor :STMicroelectronics X-CUBE-GNSS1 6.0.0
2023-10-10 14:07:47,285 [INFO] ThirdParty:1030 - CMSIS Pack Vendor :STMicroelectronics USB_HOST 2.0.0
2023-10-10 14:07:47,285 [INFO] ThirdParty:1030 - CMSIS Pack Vendor :STMicroelectronics X-CUBE-AZRTOS-F4 1.1.0
2023-10-10 14:07:47,285 [INFO] ThirdParty:1030 - CMSIS Pack Vendor :STMicroelectronics LIBJPEG 8.0.0
2023-10-10 14:07:47,285 [INFO] ThirdParty:1030 - CMSIS Pack Vendor :wolfSSL I-CUBE-wolfSSL 5.6.3
2023-10-10 14:07:47,285 [INFO] ThirdParty:1030 - CMSIS Pack Vendor :STMicroelectronics X-CUBE-SMBUS 2.1.0
2023-10-10 14:07:47,285 [INFO] ThirdParty:1030 - CMSIS Pack Vendor :STMicroelectronics USB_DEVICE 3.0.0
2023-10-10 14:07:47,285 [INFO] ThirdParty:1030 - CMSIS Pack Vendor :STMicroelectronics X-CUBE-AZRTOS-WB 2.0.0
2023-10-10 14:07:47,285 [INFO] ThirdParty:1030 - CMSIS Pack Vendor :STMicroelectronics X-CUBE-AZRTOS-F7 1.1.0
2023-10-10 14:07:47,285 [INFO] ThirdParty:1030 - CMSIS Pack Vendor :STMicroelectronics X-CUBE-AZRTOS-L5 2.0.0
2023-10-10 14:07:47,285 [INFO] ThirdParty:1030 - CMSIS Pack Vendor :STMicroelectronics USB_DEVICE 2.0.0
2023-10-10 14:07:47,285 [INFO] ThirdParty:1030 - CMSIS Pack Vendor :STMicroelectronics X-CUBE-MEMS1 9.6.0
2023-10-10 14:07:47,285 [INFO] ThirdParty:1030 - CMSIS Pack Vendor :ITTIA_DB I-CUBE-ITTIADB 8.8.0
2023-10-10 14:07:47,285 [INFO] ThirdParty:1030 - CMSIS Pack Vendor :STMicroelectronics FP-SNS-MOTENV1 4.3.2
2023-10-10 14:07:47,285 [INFO] ThirdParty:1030 - CMSIS Pack Vendor :STMicroelectronics X-CUBE-ALGOBUILD 1.3.0
2023-10-10 14:07:47,285 [INFO] ThirdParty:1030 - CMSIS Pack Vendor :STMicroelectronics FreeRTOS 0.0.1
2023-10-10 14:07:47,285 [INFO] ThirdParty:1030 - CMSIS Pack Vendor :STMicroelectronics X-CUBE-AZRTOS-G0 1.1.0
2023-10-10 14:07:47,285 [INFO] ThirdParty:1030 - CMSIS Pack Vendor :STMicroelectronics X-CUBE-BLEMGR 2.0.0
2023-10-10 14:07:47,286 [INFO] ThirdParty:1030 - CMSIS Pack Vendor :STMicroelectronics X-CUBE-NFC4 3.0.0
2023-10-10 14:07:47,286 [INFO] ThirdParty:1030 - CMSIS Pack Vendor :STMicroelectronics X-CUBE-SUBG2 5.0.0
2023-10-10 14:07:47,286 [INFO] ThirdParty:1030 - CMSIS Pack Vendor :STMicroelectronics STM32_WPAN 1.0.0
2023-10-10 14:07:47,286 [INFO] ThirdParty:1030 - CMSIS Pack Vendor :STMicroelectronics lwIP 2.0.3
2023-10-10 14:07:47,286 [INFO] ThirdParty:1030 - CMSIS Pack Vendor :STMicroelectronics FP-SNS-FLIGHT1 5.0.2
2023-10-10 14:07:47,286 [INFO] ThirdParty:1030 - CMSIS Pack Vendor :STMicroelectronics USB_HOST 1.0.0
2023-10-10 14:07:47,286 [INFO] ThirdParty:1030 - CMSIS Pack Vendor :STMicroelectronics X-CUBE-TOF1 3.3.1
2023-10-10 14:07:47,286 [INFO] ThirdParty:1030 - CMSIS Pack Vendor :STMicroelectronics X-CUBE-AZRTOS-G4 2.0.0
2023-10-10 14:07:47,286 [INFO] ThirdParty:1030 - CMSIS Pack Vendor :STMicroelectronics PDM2PCM 3.1.0
2023-10-10 14:07:47,286 [INFO] ThirdParty:1030 - CMSIS Pack Vendor :STMicroelectronics X-CUBE-AZRTOS-H7 3.1.0
2023-10-10 14:07:47,286 [INFO] ThirdParty:1030 - CMSIS Pack Vendor :Infineon AIROC-Wi-Fi-Bluetooth-STM32 1.5.1
2023-10-10 14:07:47,286 [INFO] ThirdParty:1030 - CMSIS Pack Vendor :STMicroelectronics PDM2PCM 3.3.0
2023-10-10 14:07:47,286 [INFO] ThirdParty:1030 - CMSIS Pack Vendor :STMicroelectronics X-CUBE-DISPLAY 3.0.0
2023-10-10 14:07:47,286 [INFO] ThirdParty:1030 - CMSIS Pack Vendor :STMicroelectronics X-CUBE-BLE1 7.0.0
2023-10-10 14:07:47,286 [INFO] ThirdParty:1030 - CMSIS Pack Vendor :STMicroelectronics FP-ATR-SIGFOX1 3.2.0
2023-10-10 14:07:47,286 [INFO] ThirdParty:1030 - CMSIS Pack Vendor :STMicroelectronics HAL Drivers 0.0.0
2023-10-10 14:07:47,286 [INFO] ThirdParty:1030 - CMSIS Pack Vendor :STMicroelectronics MBEDTLS 2.16.2
2023-10-10 14:07:47,286 [INFO] ThirdParty:1030 - CMSIS Pack Vendor :emotas I-CUBE-CANOPEN 1.3.0
2023-10-10 14:07:47,286 [INFO] ThirdParty:1030 - CMSIS Pack Vendor :STMicroelectronics X-CUBE-FREERTOS 1.1.0
2023-10-10 14:07:47,286 [INFO] ThirdParty:1030 - CMSIS Pack Vendor :STMicroelectronics X-CUBE-TOUCHGFX 4.22.0
2023-10-10 14:07:47,286 [INFO] ThirdParty:1030 - CMSIS Pack Vendor :STMicroelectronics X-CUBE-NFC7 1.0.1
2023-10-10 14:07:47,286 [INFO] ThirdParty:1030 - CMSIS Pack Vendor :STMicroelectronics MBEDTLS 2.14.1
2023-10-10 14:07:47,286 [INFO] ThirdParty:1030 - CMSIS Pack Vendor :STMicroelectronics X-CUBE-TOUCHGFX 4.22.1
2023-10-10 14:07:47,286 [INFO] ThirdParty:1030 - CMSIS Pack Vendor :STMicroelectronics X-CUBE-NFC6 3.0.0
2023-10-10 14:07:47,286 [INFO] ThirdParty:1030 - CMSIS Pack Vendor :STMicroelectronics X-CUBE-EEPRMA1 4.1.0
2023-10-10 14:07:47,286 [INFO] ThirdParty:1030 - CMSIS Pack Vendor :portGmbH I-Cube-SoM-uGOAL 1.1.0
2023-10-10 14:07:47,286 [INFO] ThirdParty:1030 - CMSIS Pack Vendor :STMicroelectronics X-CUBE-ALS 1.0.1
2023-10-10 14:07:47,286 [INFO] ThirdParty:1030 - CMSIS Pack Vendor :STMicroelectronics ThreadX 1.0.0
2023-10-10 14:07:47,286 [INFO] ThirdParty:1030 - CMSIS Pack Vendor :STMicroelectronics FP-SNS-SMARTAG2 1.2.0
2023-10-10 14:07:47,287 [INFO] ThirdParty:1030 - CMSIS Pack Vendor :STMicroelectronics X-CUBE-AZRTOS-WL 2.0.0
2023-10-10 14:07:47,287 [INFO] ThirdParty:1030 - CMSIS Pack Vendor :SEGGER I-CUBE-embOS 1.3.1
2023-10-10 14:07:47,287 [INFO] ThirdParty:1030 - CMSIS Pack Vendor :STMicroelectronics USB_DEVICE 1.0.0
2023-10-10 14:07:47,287 [INFO] ThirdParty:1030 - CMSIS Pack Vendor :STMicroelectronics X-CUBE-AI 8.1.0
2023-10-10 14:07:47,287 [INFO] ThirdParty:1030 - CMSIS Pack Vendor :STMicroelectronics X-CUBE-AZRTOS-L4 2.0.0
2023-10-10 14:07:47,287 [INFO] ThirdParty:1030 - CMSIS Pack Vendor :STMicroelectronics ThreadX 0.0.2
2023-10-10 14:07:47,287 [INFO] ThirdParty:1030 - CMSIS Pack Vendor :WES I-CUBE-Cesium 1.3.0
2023-10-10 14:07:47,287 [INFO] ThirdParty:1030 - CMSIS Pack Vendor :STMicroelectronics FP-ATR-ASTRA1 2.0.0
2023-10-10 14:07:47,287 [INFO] ThirdParty:1030 - CMSIS Pack Vendor :STMicroelectronics lwIP 2.1.2
2023-10-10 14:07:47,287 [INFO] ThirdParty:1030 - CMSIS Pack Vendor :STMicroelectronics X-CUBE-SFXS2LP1 4.0.0
2023-10-10 14:07:47,287 [INFO] ThirdParty:1030 - CMSIS Pack Vendor :STMicroelectronics X-CUBE-BLE2 3.3.0
2023-10-10 14:07:47,287 [INFO] ThirdParty:1030 - CMSIS Pack Vendor :STMicroelectronics PDM2PCM 3.2.0
2023-10-10 14:07:47,287 [INFO] ThirdParty:841 - exiting critical section [change project]
2023-10-10 14:07:47,571 [INFO] PinOutPanel:1499 - setPackage(No Configuration,No Configuration)
2023-10-10 14:07:47,572 [INFO] PinOutPanel:1499 - setPackage(STM32F407VGTx,LQFP100)
2023-10-10 14:07:47,971 [INFO] UtilMem:75 - Before build in PCC Used Memory: 274306032 Bytes (482344960)
2023-10-10 14:07:48,559 [INFO] UtilMem:75 - After build in PCC Used Memory: 271119552 Bytes (482344960)
2023-10-10 14:07:48,661 [INFO] ApiDbMcu:507 - Load IP Config File for FREERTOS
2023-10-10 14:07:48,700 [INFO] ApiDbMcu:507 - Load IP Config File for USB_HOST
2023-10-10 14:07:48,701 [WARN] BspModel:444 - BSP dependency skipped because of component: name='IOExpander', api='Unknown'
2023-10-10 14:07:48,760 [INFO] IPUIPlugin:80 - create IPUIPlugin
2023-10-10 14:07:48,760 [INFO] IPUIPlugin:80 - create IPUIPlugin
2023-10-10 14:07:48,760 [INFO] IPUIPlugin:80 - create IPUIPlugin
2023-10-10 14:07:48,760 [INFO] IPUIPlugin:80 - create IPUIPlugin
2023-10-10 14:07:48,760 [INFO] IPUIPlugin:80 - create IPUIPlugin
2023-10-10 14:07:48,761 [INFO] IPUIPlugin:80 - create IPUIPlugin
2023-10-10 14:07:48,761 [INFO] IPUIPlugin:80 - create IPUIPlugin
2023-10-10 14:07:48,761 [INFO] IPUIPlugin:80 - create IPUIPlugin
2023-10-10 14:07:48,761 [INFO] IPUIPlugin:80 - create IPUIPlugin
2023-10-10 14:07:48,762 [INFO] IPUIPlugin:80 - create IPUIPlugin
2023-10-10 14:07:48,762 [INFO] IPUIPlugin:80 - create IPUIPlugin
2023-10-10 14:07:48,762 [INFO] IPUIPlugin:80 - create IPUIPlugin
2023-10-10 14:07:48,762 [INFO] IPUIPlugin:80 - create IPUIPlugin
2023-10-10 14:07:48,762 [INFO] IPUIPlugin:80 - create IPUIPlugin
2023-10-10 14:07:48,762 [INFO] IPUIPlugin:80 - create IPUIPlugin
2023-10-10 14:07:48,763 [INFO] IPUIPlugin:80 - create IPUIPlugin
2023-10-10 14:07:48,763 [INFO] IPUIPlugin:80 - create IPUIPlugin
2023-10-10 14:07:48,763 [INFO] IPUIPlugin:80 - create IPUIPlugin
2023-10-10 14:07:48,763 [INFO] IPUIPlugin:80 - create IPUIPlugin
2023-10-10 14:07:48,763 [INFO] IPUIPlugin:80 - create IPUIPlugin
2023-10-10 14:07:48,763 [INFO] IPUIPlugin:80 - create IPUIPlugin
2023-10-10 14:07:48,764 [INFO] IPUIPlugin:80 - create IPUIPlugin
2023-10-10 14:07:48,764 [INFO] IPUIPlugin:80 - create IPUIPlugin
2023-10-10 14:07:48,764 [INFO] IPUIPlugin:80 - create IPUIPlugin
2023-10-10 14:07:48,764 [INFO] IPUIPlugin:80 - create IPUIPlugin
2023-10-10 14:07:48,764 [INFO] IPUIPlugin:80 - create IPUIPlugin
2023-10-10 14:07:48,764 [INFO] IPUIPlugin:80 - create IPUIPlugin
2023-10-10 14:07:48,765 [INFO] IPUIPlugin:80 - create IPUIPlugin
2023-10-10 14:07:48,765 [INFO] IPUIPlugin:80 - create IPUIPlugin
2023-10-10 14:07:48,765 [INFO] IPUIPlugin:80 - create IPUIPlugin
2023-10-10 14:07:48,765 [INFO] IPUIPlugin:80 - create IPUIPlugin
2023-10-10 14:07:48,765 [INFO] IPUIPlugin:80 - create IPUIPlugin
2023-10-10 14:07:48,765 [INFO] IPUIPlugin:80 - create IPUIPlugin
2023-10-10 14:07:48,766 [INFO] IPUIPlugin:80 - create IPUIPlugin
2023-10-10 14:07:48,766 [INFO] IPUIPlugin:80 - create IPUIPlugin
2023-10-10 14:07:48,766 [INFO] IPUIPlugin:80 - create IPUIPlugin
2023-10-10 14:07:48,766 [INFO] IPUIPlugin:80 - create IPUIPlugin
2023-10-10 14:07:48,766 [INFO] IPUIPlugin:80 - create IPUIPlugin
2023-10-10 14:07:48,766 [INFO] IPUIPlugin:80 - create IPUIPlugin
2023-10-10 14:07:48,767 [INFO] IPUIPlugin:80 - create IPUIPlugin
2023-10-10 14:07:48,767 [INFO] IPUIPlugin:80 - create IPUIPlugin
2023-10-10 14:07:48,767 [INFO] IPUIPlugin:80 - create IPUIPlugin
2023-10-10 14:07:48,767 [INFO] IPUIPlugin:80 - create IPUIPlugin
2023-10-10 14:07:48,767 [INFO] IPUIPlugin:80 - create IPUIPlugin
2023-10-10 14:07:48,767 [INFO] IPUIPlugin:80 - create IPUIPlugin
2023-10-10 14:07:48,768 [INFO] IPUIPlugin:80 - create IPUIPlugin
2023-10-10 14:07:48,768 [INFO] IPUIPlugin:80 - create IPUIPlugin
2023-10-10 14:07:48,768 [INFO] IPUIPlugin:80 - create IPUIPlugin
2023-10-10 14:07:48,769 [INFO] IPUIPlugin:80 - create IPUIPlugin
2023-10-10 14:07:48,769 [INFO] IPUIPlugin:80 - create IPUIPlugin
2023-10-10 14:07:48,769 [INFO] IPUIPlugin:80 - create IPUIPlugin
2023-10-10 14:07:48,769 [INFO] IPUIPlugin:80 - create IPUIPlugin
2023-10-10 14:07:48,769 [INFO] IPUIPlugin:80 - create IPUIPlugin
2023-10-10 14:07:48,770 [INFO] IPUIPlugin:80 - create IPUIPlugin
2023-10-10 14:07:48,770 [INFO] IPUIPlugin:80 - create IPUIPlugin
2023-10-10 14:07:48,770 [INFO] IPUIPlugin:80 - create IPUIPlugin
2023-10-10 14:07:48,771 [INFO] IPUIPlugin:80 - create IPUIPlugin
2023-10-10 14:07:48,771 [INFO] IPUIPlugin:80 - create IPUIPlugin
2023-10-10 14:07:48,776 [INFO] ApiDbMcu:507 - Load IP Config File for PDM2PCM
2023-10-10 14:07:48,783 [WARN] IP:2114 - I2C_Coeff_DF not found: check if there is a RefParameter without a condition.
2023-10-10 14:07:48,783 [WARN] IP:2114 - Analog_Filter not found: check if there is a RefParameter without a condition.
2023-10-10 14:07:48,793 [INFO] I2sManager:658 - 9.6E7
2023-10-10 14:07:48,794 [INFO] I2sManager:195 - I2S Clock Value : 9.6E7
2023-10-10 14:07:48,796 [INFO] I2sManager:553 - AudioClock : 93750Divider : 2Odd : 0
2023-10-10 14:07:48,818 [WARN] FreeRTOS:1023 - Null or empty value: should not occur! (nothing added to the table)
2023-10-10 14:07:48,982 [INFO] CADModel:165 - CPN selected for project levelSTM32F407VGT6
2023-10-10 14:07:48,982 [INFO] CADModel:114 - Register for checkConnection events
2023-10-10 14:07:48,984 [INFO] RtosManager:697 - Active RTOS found at IOC load: FREERTOS [Cortex-M4NS]
2023-10-10 14:07:49,026 [INFO] OpenFileManager:328 - Restore cursor
2023-10-10 14:07:49,275 [WARN] IP:2114 - I2C_Coeff_DF not found: check if there is a RefParameter without a condition.
2023-10-10 14:07:49,276 [WARN] IP:2114 - Analog_Filter not found: check if there is a RefParameter without a condition.
2023-10-10 14:07:49,277 [WARN] IP:2114 - I2C_Coeff_DF not found: check if there is a RefParameter without a condition.
2023-10-10 14:07:49,277 [WARN] IP:2114 - Analog_Filter not found: check if there is a RefParameter without a condition.
2023-10-10 14:20:19,858 [ERROR] LogOutputStream:75 - [STDERR_REDIRECT] 
